[03-Nov-2022 12:00:01] NOTICE: fpm is running, pid 211
[03-Nov-2022 12:00:01] NOTICE: ready to handle connections
[03-Nov-2022 12:02:59] NOTICE: Terminating ...
[03-Nov-2022 12:02:59] NOTICE: exiting, bye-bye!
[03-Nov-2022 12:05:39] NOTICE: fpm is running, pid 188
[03-Nov-2022 12:05:39] NOTICE: ready to handle connections
[03-Nov-2022 12:06:14] NOTICE: Terminating ...
[03-Nov-2022 12:06:14] NOTICE: exiting, bye-bye!
[03-Nov-2022 12:12:38] NOTICE: fpm is running, pid 192
[03-Nov-2022 12:12:38] NOTICE: ready to handle connections
[03-Nov-2022 12:36:07] NOTICE: Terminating ...
[03-Nov-2022 12:36:07] NOTICE: exiting, bye-bye!
[03-Nov-2022 12:40:24] NOTICE: fpm is running, pid 191
[03-Nov-2022 12:40:24] NOTICE: ready to handle connections
[03-Nov-2022 12:45:24] WARNING: [pool www] server reached pm.max_children setting (5), consider raising it
[03-Nov-2022 12:47:56] NOTICE: Terminating ...
[03-Nov-2022 12:47:56] NOTICE: exiting, bye-bye!
[03-Nov-2022 12:51:19] NOTICE: fpm is running, pid 202
[03-Nov-2022 12:51:19] NOTICE: ready to handle connections
[03-Nov-2022 12:51:36] NOTICE: Terminating ...
[03-Nov-2022 12:51:36] NOTICE: exiting, bye-bye!
[03-Nov-2022 12:54:58] NOTICE: fpm is running, pid 193
[03-Nov-2022 12:54:58] NOTICE: ready to handle connections
[03-Nov-2022 14:33:51] NOTICE: Terminating ...
[03-Nov-2022 14:33:51] NOTICE: exiting, bye-bye!
[03-Nov-2022 14:37:16] NOTICE: fpm is running, pid 193
[03-Nov-2022 14:37:16] NOTICE: ready to handle connections
[03-Nov-2022 14:47:17] WARNING: [pool www] server reached pm.max_children setting (5), consider raising it
[03-Nov-2022 14:53:51] NOTICE: Terminating ...
[03-Nov-2022 14:53:54] NOTICE: Terminating ...
[03-Nov-2022 15:03:32] NOTICE: fpm is running, pid 189
[03-Nov-2022 15:03:32] NOTICE: ready to handle connections
[03-Nov-2022 16:45:01] NOTICE: Terminating ...
[03-Nov-2022 16:45:01] NOTICE: exiting, bye-bye!
[03-Nov-2022 16:52:00] NOTICE: fpm is running, pid 193
[03-Nov-2022 16:52:00] NOTICE: ready to handle connections
[04-Nov-2022 22:50:48] NOTICE: fpm is running, pid 189
[04-Nov-2022 22:50:48] NOTICE: ready to handle connections
