221103 16:48:46 mysqld_safe Starting mariadbd daemon with databases from /config/databases
2022-11-03 16:48:46 0 [Note] /usr/bin/mariadbd (server 10.6.10-MariaDB-log) starting as process 332 ...
2022-11-03 16:48:47 0 [Warning] Setting lower_case_table_names=2 because file system for /config/databases/ is case insensitive
2022-11-03 16:48:47 0 [Note] InnoDB: Compressed tables use zlib 1.2.12
2022-11-03 16:48:47 0 [Note] InnoDB: Number of pools: 1
2022-11-03 16:48:47 0 [Note] InnoDB: Using crc32 + pclmulqdq instructions
2022-11-03 16:48:47 0 [Note] mariadbd: O_TMPFILE is not supported on /var/tmp (disabling future attempts)
2022-11-03 16:48:47 0 [Note] InnoDB: Using Linux native AIO
2022-11-03 16:48:47 0 [Note] InnoDB: Initializing buffer pool, total size = 268435456, chunk size = 134217728
2022-11-03 16:48:47 0 [Note] InnoDB: Completed initialization of buffer pool
2022-11-03 16:48:47 0 [Note] InnoDB: Starting crash recovery from checkpoint LSN=4607412,4607412
2022-11-03 16:48:48 0 [Note] InnoDB: Last binlog file '/config/log/mysql/mariadb-bin.000009', position 2008222
2022-11-03 16:48:48 0 [Note] InnoDB: 128 rollback segments are active.
2022-11-03 16:48:49 0 [Note] InnoDB: Removed temporary tablespace data file: "./ibtmp1"
2022-11-03 16:48:49 0 [Note] InnoDB: Creating shared tablespace for temporary tables
2022-11-03 16:48:49 0 [Note] InnoDB: Setting file './ibtmp1' size to 12 MB. Physically writing the file full; Please wait ...
2022-11-03 16:48:49 0 [Note] InnoDB: File './ibtmp1' size is now 12 MB.
2022-11-03 16:48:49 0 [Note] InnoDB: 10.6.10 started; log sequence number 4607424; transaction id 15837
2022-11-03 16:48:49 0 [Note] Plugin 'FEEDBACK' is disabled.
2022-11-03 16:48:49 0 [Note] InnoDB: Loading buffer pool(s) from /config/databases/ib_buffer_pool
2022-11-03 16:48:49 0 [Note] Recovering after a crash using /config/log/mysql/mariadb-bin
2022-11-03 16:48:49 0 [Note] Starting table crash recovery...
2022-11-03 16:48:49 0 [Note] Crash table recovery finished.
2022-11-03 16:48:49 0 [Note] Server socket created on IP: '0.0.0.0'.
2022-11-03 16:48:49 0 [Note] Server socket created on IP: '::'.
2022-11-03 16:48:49 0 [Note] /usr/bin/mariadbd: ready for connections.
Version: '10.6.10-MariaDB-log'  socket: '/run/mysqld/mysqld.sock'  port: 3306  MariaDB Server
2022-11-03 16:48:49 4 [Warning] Aborted connection 4 to db: 'unconnected' user: 'unauthenticated' host: 'localhost' (This connection closed normally without authentication)
2022-11-03 16:48:49 5 [Warning] Aborted connection 5 to db: 'unconnected' user: 'unauthenticated' host: 'bookstack.nextcloud_default' (This connection closed normally without authentication)
2022-11-03 16:48:50 6 [Warning] Aborted connection 6 to db: 'unconnected' user: 'unauthenticated' host: 'bookstack.nextcloud_default' (This connection closed normally without authentication)
2022-11-03 16:48:51 0 [Note] InnoDB: Buffer pool(s) load completed at 221103 16:48:51
2022-11-03 16:48:56 7 [Warning] Aborted connection 7 to db: 'unconnected' user: 'unauthenticated' host: 'bookstack.nextcloud_default' (This connection closed normally without authentication)
2022-11-03 16:48:57 8 [Warning] Aborted connection 8 to db: 'unconnected' user: 'unauthenticated' host: 'bookstack.nextcloud_default' (This connection closed normally without authentication)
2022-11-03 18:48:10 28 [Warning] Aborted connection 28 to db: 'nextcloud' user: 'oc_theo@theo.com' host: 'nextcloud.nextcloud_default' (Got timeout reading communication packets)
2022-11-04  9:00:00 46 [Warning] Aborted connection 46 to db: 'nextcloud' user: 'oc_theo@theo.com' host: 'nextcloud.nextcloud_default' (Got timeout reading communication packets)
221104 16:44:23 mysqld_safe Starting mariadbd daemon with databases from /config/databases
2022-11-04 16:44:24 0 [Note] /usr/bin/mariadbd (server 10.6.10-MariaDB-log) starting as process 329 ...
2022-11-04 16:44:24 0 [Warning] Setting lower_case_table_names=2 because file system for /config/databases/ is case insensitive
2022-11-04 16:44:24 0 [Note] InnoDB: Compressed tables use zlib 1.2.12
2022-11-04 16:44:24 0 [Note] InnoDB: Number of pools: 1
2022-11-04 16:44:24 0 [Note] InnoDB: Using crc32 + pclmulqdq instructions
2022-11-04 16:44:24 0 [Note] mariadbd: O_TMPFILE is not supported on /var/tmp (disabling future attempts)
2022-11-04 16:44:24 0 [Note] InnoDB: Using Linux native AIO
2022-11-04 16:44:24 0 [Note] InnoDB: Initializing buffer pool, total size = 268435456, chunk size = 134217728
2022-11-04 16:44:24 0 [Note] InnoDB: Completed initialization of buffer pool
2022-11-04 16:44:24 0 [Note] InnoDB: Starting crash recovery from checkpoint LSN=4607412,4607412
2022-11-04 16:44:24 0 [Note] InnoDB: Starting final batch to recover 78 pages from redo log.
2022-11-04 16:44:25 0 [Note] InnoDB: Last binlog file '/config/log/mysql/mariadb-bin.000011', position 3207117
2022-11-04 16:44:25 0 [Note] InnoDB: 128 rollback segments are active.
2022-11-04 16:44:25 0 [Note] InnoDB: Removed temporary tablespace data file: "./ibtmp1"
2022-11-04 16:44:25 0 [Note] InnoDB: Creating shared tablespace for temporary tables
2022-11-04 16:44:25 0 [Note] InnoDB: Setting file './ibtmp1' size to 12 MB. Physically writing the file full; Please wait ...
2022-11-04 16:44:25 0 [Note] InnoDB: File './ibtmp1' size is now 12 MB.
2022-11-04 16:44:25 0 [Note] InnoDB: 10.6.10 started; log sequence number 6696808; transaction id 26056
2022-11-04 16:44:25 0 [Note] Plugin 'FEEDBACK' is disabled.
2022-11-04 16:44:25 0 [Note] InnoDB: Loading buffer pool(s) from /config/databases/ib_buffer_pool
2022-11-04 16:44:25 0 [Note] Recovering after a crash using /config/log/mysql/mariadb-bin
2022-11-04 16:44:25 0 [Note] Starting table crash recovery...
2022-11-04 16:44:25 0 [Note] Crash table recovery finished.
2022-11-04 16:44:25 0 [Note] Server socket created on IP: '0.0.0.0'.
2022-11-04 16:44:25 0 [Note] Server socket created on IP: '::'.
2022-11-04 16:44:25 0 [Note] /usr/bin/mariadbd: ready for connections.
Version: '10.6.10-MariaDB-log'  socket: '/run/mysqld/mysqld.sock'  port: 3306  MariaDB Server
2022-11-04 16:44:25 4 [Warning] Aborted connection 4 to db: 'unconnected' user: 'unauthenticated' host: 'localhost' (This connection closed normally without authentication)
2022-11-04 16:44:26 0 [Note] InnoDB: Buffer pool(s) load completed at 221104 16:44:26
2022-11-07  7:27:54 84 [Warning] Aborted connection 84 to db: 'nextcloud' user: 'oc_theo@theo.com' host: 'nextcloud.nextcloud_default' (Got timeout reading communication packets)
