221103 14:34:05 mysqld_safe Starting mariadbd daemon with databases from /config/databases
2022-11-03 14:34:05 0 [Note] /usr/bin/mariadbd (server 10.6.10-MariaDB-log) starting as process 332 ...
2022-11-03 14:34:05 0 [Warning] Setting lower_case_table_names=2 because file system for /config/databases/ is case insensitive
2022-11-03 14:34:05 0 [Note] InnoDB: Compressed tables use zlib 1.2.12
2022-11-03 14:34:05 0 [Note] InnoDB: Number of pools: 1
2022-11-03 14:34:05 0 [Note] InnoDB: Using crc32 + pclmulqdq instructions
2022-11-03 14:34:05 0 [Note] mariadbd: O_TMPFILE is not supported on /var/tmp (disabling future attempts)
2022-11-03 14:34:05 0 [Note] InnoDB: Using Linux native AIO
2022-11-03 14:34:05 0 [Note] InnoDB: Initializing buffer pool, total size = 268435456, chunk size = 134217728
2022-11-03 14:34:05 0 [Note] InnoDB: Completed initialization of buffer pool
2022-11-03 14:34:06 0 [Note] InnoDB: 128 rollback segments are active.
2022-11-03 14:34:06 0 [Note] InnoDB: Creating shared tablespace for temporary tables
2022-11-03 14:34:06 0 [Note] InnoDB: Setting file './ibtmp1' size to 12 MB. Physically writing the file full; Please wait ...
2022-11-03 14:34:06 0 [Note] InnoDB: File './ibtmp1' size is now 12 MB.
2022-11-03 14:34:06 0 [Note] InnoDB: 10.6.10 started; log sequence number 3251804; transaction id 9409
2022-11-03 14:34:06 0 [Note] InnoDB: Loading buffer pool(s) from /config/databases/ib_buffer_pool
2022-11-03 14:34:06 0 [Note] Plugin 'FEEDBACK' is disabled.
2022-11-03 14:34:06 0 [Note] Server socket created on IP: '0.0.0.0'.
2022-11-03 14:34:06 0 [Note] Server socket created on IP: '::'.
2022-11-03 14:34:06 0 [Note] /usr/bin/mariadbd: ready for connections.
Version: '10.6.10-MariaDB-log'  socket: '/run/mysqld/mysqld.sock'  port: 3306  MariaDB Server
2022-11-03 14:34:07 4 [Warning] Aborted connection 4 to db: 'unconnected' user: 'unauthenticated' host: 'localhost' (This connection closed normally without authentication)
2022-11-03 14:34:07 0 [Note] InnoDB: Buffer pool(s) load completed at 221103 14:34:07
2022-11-03 14:34:08 5 [Warning] Access denied for user 'root'@'tuleap.nextcloud_default' (using password: YES)
2022-11-03 14:34:09 6 [Warning] Access denied for user 'root'@'tuleap.nextcloud_default' (using password: YES)
2022-11-03 14:34:10 7 [Warning] Access denied for user 'root'@'tuleap.nextcloud_default' (using password: YES)
2022-11-03 14:34:11 8 [Warning] Access denied for user 'root'@'tuleap.nextcloud_default' (using password: YES)
2022-11-03 14:34:12 9 [Warning] Access denied for user 'root'@'tuleap.nextcloud_default' (using password: YES)
2022-11-03 14:34:13 10 [Warning] Access denied for user 'root'@'tuleap.nextcloud_default' (using password: YES)
2022-11-03 14:34:14 11 [Warning] Access denied for user 'root'@'tuleap.nextcloud_default' (using password: YES)
2022-11-03 14:34:15 12 [Warning] Access denied for user 'root'@'tuleap.nextcloud_default' (using password: YES)
2022-11-03 14:34:16 13 [Warning] Access denied for user 'root'@'tuleap.nextcloud_default' (using password: YES)
2022-11-03 14:34:17 14 [Warning] Access denied for user 'root'@'tuleap.nextcloud_default' (using password: YES)
2022-11-03 14:34:18 15 [Warning] Access denied for user 'root'@'tuleap.nextcloud_default' (using password: YES)
2022-11-03 14:34:19 16 [Warning] Access denied for user 'root'@'tuleap.nextcloud_default' (using password: YES)
2022-11-03 14:34:20 17 [Warning] Access denied for user 'root'@'tuleap.nextcloud_default' (using password: YES)
2022-11-03 14:34:21 18 [Warning] Access denied for user 'root'@'tuleap.nextcloud_default' (using password: YES)
2022-11-03 14:34:22 19 [Warning] Access denied for user 'root'@'tuleap.nextcloud_default' (using password: YES)
2022-11-03 14:34:23 20 [Warning] Access denied for user 'root'@'tuleap.nextcloud_default' (using password: YES)
2022-11-03 14:34:24 21 [Warning] Access denied for user 'root'@'tuleap.nextcloud_default' (using password: YES)
2022-11-03 14:34:25 22 [Warning] Access denied for user 'root'@'tuleap.nextcloud_default' (using password: YES)
2022-11-03 14:34:26 23 [Warning] Access denied for user 'root'@'tuleap.nextcloud_default' (using password: YES)
2022-11-03 14:34:27 24 [Warning] Access denied for user 'root'@'tuleap.nextcloud_default' (using password: YES)
2022-11-03 14:34:28 25 [Warning] Access denied for user 'root'@'tuleap.nextcloud_default' (using password: YES)
2022-11-03 14:34:29 26 [Warning] Access denied for user 'root'@'tuleap.nextcloud_default' (using password: YES)
2022-11-03 14:34:30 27 [Warning] Access denied for user 'root'@'tuleap.nextcloud_default' (using password: YES)
2022-11-03 14:34:31 28 [Warning] Access denied for user 'root'@'tuleap.nextcloud_default' (using password: YES)
2022-11-03 14:34:32 29 [Warning] Access denied for user 'root'@'tuleap.nextcloud_default' (using password: YES)
2022-11-03 14:34:33 30 [Warning] Access denied for user 'root'@'tuleap.nextcloud_default' (using password: YES)
2022-11-03 14:34:34 31 [Warning] Access denied for user 'root'@'tuleap.nextcloud_default' (using password: YES)
2022-11-03 14:34:35 32 [Warning] Access denied for user 'root'@'tuleap.nextcloud_default' (using password: YES)
2022-11-03 14:34:36 33 [Warning] Access denied for user 'root'@'tuleap.nextcloud_default' (using password: YES)
2022-11-03 14:34:37 34 [Warning] Access denied for user 'root'@'tuleap.nextcloud_default' (using password: YES)
2022-11-03 14:34:38 35 [Warning] Access denied for user 'tuleapadm'@'tuleap.nextcloud_default' (using password: YES)
2022-11-03 14:34:38 36 [Warning] Access denied for user 'root'@'tuleap.nextcloud_default' (using password: YES)
2022-11-03 14:34:39 37 [Warning] Access denied for user 'root'@'tuleap.nextcloud_default' (using password: YES)
2022-11-03 14:34:40 38 [Warning] Access denied for user 'root'@'tuleap.nextcloud_default' (using password: YES)
2022-11-03 14:34:41 39 [Warning] Access denied for user 'root'@'tuleap.nextcloud_default' (using password: YES)
2022-11-03 14:34:42 40 [Warning] Access denied for user 'root'@'tuleap.nextcloud_default' (using password: YES)
2022-11-03 14:34:43 41 [Warning] Access denied for user 'root'@'tuleap.nextcloud_default' (using password: YES)
2022-11-03 14:34:44 42 [Warning] Access denied for user 'root'@'tuleap.nextcloud_default' (using password: YES)
2022-11-03 14:34:45 43 [Warning] Access denied for user 'root'@'tuleap.nextcloud_default' (using password: YES)
2022-11-03 14:34:46 44 [Warning] Access denied for user 'root'@'tuleap.nextcloud_default' (using password: YES)
2022-11-03 14:34:47 45 [Warning] Access denied for user 'root'@'tuleap.nextcloud_default' (using password: YES)
2022-11-03 14:34:48 46 [Warning] Access denied for user 'root'@'tuleap.nextcloud_default' (using password: YES)
2022-11-03 14:34:49 47 [Warning] Access denied for user 'root'@'tuleap.nextcloud_default' (using password: YES)
2022-11-03 14:34:50 48 [Warning] Access denied for user 'root'@'tuleap.nextcloud_default' (using password: YES)
2022-11-03 14:34:51 49 [Warning] Access denied for user 'root'@'tuleap.nextcloud_default' (using password: YES)
2022-11-03 14:34:52 50 [Warning] Access denied for user 'root'@'tuleap.nextcloud_default' (using password: YES)
2022-11-03 14:34:53 51 [Warning] Access denied for user 'root'@'tuleap.nextcloud_default' (using password: YES)
2022-11-03 14:34:54 52 [Warning] Access denied for user 'root'@'tuleap.nextcloud_default' (using password: YES)
2022-11-03 14:34:55 53 [Warning] Access denied for user 'root'@'tuleap.nextcloud_default' (using password: YES)
2022-11-03 14:34:56 54 [Warning] Access denied for user 'root'@'tuleap.nextcloud_default' (using password: YES)
2022-11-03 14:34:57 55 [Warning] Access denied for user 'root'@'tuleap.nextcloud_default' (using password: YES)
2022-11-03 14:34:58 56 [Warning] Access denied for user 'root'@'tuleap.nextcloud_default' (using password: YES)
2022-11-03 14:34:59 57 [Warning] Access denied for user 'root'@'tuleap.nextcloud_default' (using password: YES)
2022-11-03 14:35:00 58 [Warning] Access denied for user 'root'@'tuleap.nextcloud_default' (using password: YES)
2022-11-03 14:35:01 59 [Warning] Access denied for user 'root'@'tuleap.nextcloud_default' (using password: YES)
2022-11-03 14:35:02 60 [Warning] Access denied for user 'root'@'tuleap.nextcloud_default' (using password: YES)
2022-11-03 14:35:03 61 [Warning] Access denied for user 'root'@'tuleap.nextcloud_default' (using password: YES)
2022-11-03 14:35:04 62 [Warning] Access denied for user 'root'@'tuleap.nextcloud_default' (using password: YES)
2022-11-03 14:35:05 63 [Warning] Access denied for user 'root'@'tuleap.nextcloud_default' (using password: YES)
2022-11-03 14:35:06 64 [Warning] Access denied for user 'root'@'tuleap.nextcloud_default' (using password: YES)
2022-11-03 14:35:07 65 [Warning] Access denied for user 'root'@'tuleap.nextcloud_default' (using password: YES)
2022-11-03 14:35:09 66 [Warning] Access denied for user 'root'@'tuleap.nextcloud_default' (using password: YES)
2022-11-03 14:35:10 67 [Warning] Access denied for user 'root'@'tuleap.nextcloud_default' (using password: YES)
2022-11-03 14:35:11 68 [Warning] Access denied for user 'root'@'tuleap.nextcloud_default' (using password: YES)
2022-11-03 14:35:12 69 [Warning] Access denied for user 'root'@'tuleap.nextcloud_default' (using password: YES)
2022-11-03 14:35:13 70 [Warning] Access denied for user 'root'@'tuleap.nextcloud_default' (using password: YES)
2022-11-03 14:35:14 71 [Warning] Access denied for user 'root'@'tuleap.nextcloud_default' (using password: YES)
2022-11-03 14:35:15 72 [Warning] Access denied for user 'root'@'tuleap.nextcloud_default' (using password: YES)
2022-11-03 14:35:16 73 [Warning] Access denied for user 'root'@'tuleap.nextcloud_default' (using password: YES)
2022-11-03 14:35:17 74 [Warning] Access denied for user 'root'@'tuleap.nextcloud_default' (using password: YES)
2022-11-03 14:35:18 75 [Warning] Access denied for user 'root'@'tuleap.nextcloud_default' (using password: YES)
2022-11-03 14:35:19 76 [Warning] Access denied for user 'root'@'tuleap.nextcloud_default' (using password: YES)
2022-11-03 14:35:20 77 [Warning] Access denied for user 'root'@'tuleap.nextcloud_default' (using password: YES)
2022-11-03 14:35:21 78 [Warning] Access denied for user 'root'@'tuleap.nextcloud_default' (using password: YES)
2022-11-03 14:35:22 79 [Warning] Access denied for user 'root'@'tuleap.nextcloud_default' (using password: YES)
2022-11-03 14:35:23 80 [Warning] Access denied for user 'root'@'tuleap.nextcloud_default' (using password: YES)
2022-11-03 14:35:24 81 [Warning] Access denied for user 'root'@'tuleap.nextcloud_default' (using password: YES)
2022-11-03 14:35:25 82 [Warning] Access denied for user 'root'@'tuleap.nextcloud_default' (using password: YES)
2022-11-03 14:35:26 83 [Warning] Access denied for user 'root'@'tuleap.nextcloud_default' (using password: YES)
2022-11-03 14:35:27 84 [Warning] Access denied for user 'root'@'tuleap.nextcloud_default' (using password: YES)
2022-11-03 14:35:28 85 [Warning] Access denied for user 'root'@'tuleap.nextcloud_default' (using password: YES)
2022-11-03 14:35:29 86 [Warning] Access denied for user 'root'@'tuleap.nextcloud_default' (using password: YES)
2022-11-03 14:35:30 87 [Warning] Access denied for user 'root'@'tuleap.nextcloud_default' (using password: YES)
2022-11-03 14:35:31 88 [Warning] Access denied for user 'root'@'tuleap.nextcloud_default' (using password: YES)
2022-11-03 14:35:32 89 [Warning] Access denied for user 'root'@'tuleap.nextcloud_default' (using password: YES)
2022-11-03 14:35:33 90 [Warning] Access denied for user 'root'@'tuleap.nextcloud_default' (using password: YES)
2022-11-03 14:35:34 91 [Warning] Access denied for user 'root'@'tuleap.nextcloud_default' (using password: YES)
2022-11-03 14:35:35 92 [Warning] Access denied for user 'root'@'tuleap.nextcloud_default' (using password: YES)
2022-11-03 14:35:36 93 [Warning] Access denied for user 'root'@'tuleap.nextcloud_default' (using password: YES)
2022-11-03 14:35:37 94 [Warning] Access denied for user 'root'@'tuleap.nextcloud_default' (using password: YES)
2022-11-03 14:35:38 95 [Warning] Access denied for user 'root'@'tuleap.nextcloud_default' (using password: YES)
2022-11-03 14:35:39 96 [Warning] Access denied for user 'tuleapadm'@'tuleap.nextcloud_default' (using password: YES)
2022-11-03 14:35:39 97 [Warning] Access denied for user 'root'@'tuleap.nextcloud_default' (using password: YES)
2022-11-03 14:35:40 98 [Warning] Access denied for user 'root'@'tuleap.nextcloud_default' (using password: YES)
2022-11-03 14:35:41 99 [Warning] Access denied for user 'root'@'tuleap.nextcloud_default' (using password: YES)
2022-11-03 14:35:42 100 [Warning] Access denied for user 'root'@'tuleap.nextcloud_default' (using password: YES)
2022-11-03 14:35:43 101 [Warning] Access denied for user 'root'@'tuleap.nextcloud_default' (using password: YES)
2022-11-03 14:35:44 102 [Warning] Access denied for user 'root'@'tuleap.nextcloud_default' (using password: YES)
2022-11-03 14:35:46 103 [Warning] Access denied for user 'root'@'tuleap.nextcloud_default' (using password: YES)
2022-11-03 14:35:47 104 [Warning] Access denied for user 'root'@'tuleap.nextcloud_default' (using password: YES)
2022-11-03 14:35:47 105 [Warning] Access denied for user 'root'@'tuleap.nextcloud_default' (using password: YES)
2022-11-03 14:35:49 106 [Warning] Access denied for user 'root'@'tuleap.nextcloud_default' (using password: YES)
2022-11-03 14:35:50 107 [Warning] Access denied for user 'root'@'tuleap.nextcloud_default' (using password: YES)
2022-11-03 14:35:51 108 [Warning] Access denied for user 'root'@'tuleap.nextcloud_default' (using password: YES)
2022-11-03 14:35:52 109 [Warning] Access denied for user 'root'@'tuleap.nextcloud_default' (using password: YES)
2022-11-03 14:35:53 110 [Warning] Access denied for user 'root'@'tuleap.nextcloud_default' (using password: YES)
2022-11-03 14:35:54 111 [Warning] Access denied for user 'root'@'tuleap.nextcloud_default' (using password: YES)
2022-11-03 14:35:55 112 [Warning] Access denied for user 'root'@'tuleap.nextcloud_default' (using password: YES)
2022-11-03 14:35:56 113 [Warning] Access denied for user 'root'@'tuleap.nextcloud_default' (using password: YES)
2022-11-03 14:35:57 114 [Warning] Access denied for user 'root'@'tuleap.nextcloud_default' (using password: YES)
2022-11-03 14:35:58 115 [Warning] Access denied for user 'root'@'tuleap.nextcloud_default' (using password: YES)
2022-11-03 14:35:59 116 [Warning] Access denied for user 'root'@'tuleap.nextcloud_default' (using password: YES)
2022-11-03 14:36:00 117 [Warning] Access denied for user 'root'@'tuleap.nextcloud_default' (using password: YES)
2022-11-03 14:36:01 118 [Warning] Access denied for user 'root'@'tuleap.nextcloud_default' (using password: YES)
2022-11-03 14:36:02 119 [Warning] Access denied for user 'root'@'tuleap.nextcloud_default' (using password: YES)
2022-11-03 14:36:03 120 [Warning] Access denied for user 'root'@'tuleap.nextcloud_default' (using password: YES)
2022-11-03 14:36:04 121 [Warning] Access denied for user 'root'@'tuleap.nextcloud_default' (using password: YES)
2022-11-03 14:36:05 122 [Warning] Access denied for user 'root'@'tuleap.nextcloud_default' (using password: YES)
2022-11-03 14:36:06 123 [Warning] Access denied for user 'root'@'tuleap.nextcloud_default' (using password: YES)
2022-11-03 14:36:07 124 [Warning] Access denied for user 'root'@'tuleap.nextcloud_default' (using password: YES)
2022-11-03 14:36:08 125 [Warning] Access denied for user 'root'@'tuleap.nextcloud_default' (using password: YES)
2022-11-03 14:36:09 126 [Warning] Access denied for user 'root'@'tuleap.nextcloud_default' (using password: YES)
2022-11-03 14:36:09 127 [Warning] Access denied for user 'tuleapadm'@'tuleap.nextcloud_default' (using password: YES)
2022-11-03 14:36:11 128 [Warning] Access denied for user 'root'@'tuleap.nextcloud_default' (using password: YES)
2022-11-03 14:36:12 129 [Warning] Access denied for user 'root'@'tuleap.nextcloud_default' (using password: YES)
2022-11-03 14:36:13 130 [Warning] Access denied for user 'root'@'tuleap.nextcloud_default' (using password: YES)
2022-11-03 14:36:14 131 [Warning] Access denied for user 'root'@'tuleap.nextcloud_default' (using password: YES)
2022-11-03 14:36:15 132 [Warning] Access denied for user 'root'@'tuleap.nextcloud_default' (using password: YES)
2022-11-03 14:36:16 133 [Warning] Access denied for user 'root'@'tuleap.nextcloud_default' (using password: YES)
2022-11-03 14:36:17 134 [Warning] Access denied for user 'root'@'tuleap.nextcloud_default' (using password: YES)
2022-11-03 14:36:18 135 [Warning] Access denied for user 'root'@'tuleap.nextcloud_default' (using password: YES)
2022-11-03 14:36:19 136 [Warning] Access denied for user 'root'@'tuleap.nextcloud_default' (using password: YES)
2022-11-03 14:36:20 137 [Warning] Access denied for user 'root'@'tuleap.nextcloud_default' (using password: YES)
2022-11-03 14:36:21 138 [Warning] Access denied for user 'root'@'tuleap.nextcloud_default' (using password: YES)
2022-11-03 14:36:22 139 [Warning] Access denied for user 'root'@'tuleap.nextcloud_default' (using password: YES)
2022-11-03 14:36:23 140 [Warning] Access denied for user 'root'@'tuleap.nextcloud_default' (using password: YES)
2022-11-03 14:36:24 141 [Warning] Access denied for user 'root'@'tuleap.nextcloud_default' (using password: YES)
2022-11-03 14:36:25 142 [Warning] Access denied for user 'root'@'tuleap.nextcloud_default' (using password: YES)
2022-11-03 14:36:26 143 [Warning] Access denied for user 'root'@'tuleap.nextcloud_default' (using password: YES)
2022-11-03 14:36:27 144 [Warning] Access denied for user 'root'@'tuleap.nextcloud_default' (using password: YES)
2022-11-03 14:36:28 145 [Warning] Access denied for user 'root'@'tuleap.nextcloud_default' (using password: YES)
2022-11-03 14:36:29 146 [Warning] Access denied for user 'root'@'tuleap.nextcloud_default' (using password: YES)
2022-11-03 14:36:30 147 [Warning] Access denied for user 'root'@'tuleap.nextcloud_default' (using password: YES)
2022-11-03 14:36:31 148 [Warning] Access denied for user 'root'@'tuleap.nextcloud_default' (using password: YES)
2022-11-03 14:36:32 149 [Warning] Access denied for user 'root'@'tuleap.nextcloud_default' (using password: YES)
2022-11-03 14:36:33 150 [Warning] Access denied for user 'root'@'tuleap.nextcloud_default' (using password: YES)
2022-11-03 14:36:34 151 [Warning] Access denied for user 'root'@'tuleap.nextcloud_default' (using password: YES)
2022-11-03 14:36:35 152 [Warning] Access denied for user 'root'@'tuleap.nextcloud_default' (using password: YES)
2022-11-03 14:36:36 153 [Warning] Access denied for user 'root'@'tuleap.nextcloud_default' (using password: YES)
2022-11-03 14:36:37 154 [Warning] Access denied for user 'root'@'tuleap.nextcloud_default' (using password: YES)
2022-11-03 14:36:38 155 [Warning] Access denied for user 'root'@'tuleap.nextcloud_default' (using password: YES)
2022-11-03 14:36:39 156 [Warning] Access denied for user 'root'@'tuleap.nextcloud_default' (using password: YES)
2022-11-03 14:36:40 157 [Warning] Access denied for user 'root'@'tuleap.nextcloud_default' (using password: YES)
2022-11-03 14:36:41 158 [Warning] Access denied for user 'tuleapadm'@'tuleap.nextcloud_default' (using password: YES)
2022-11-03 14:36:41 159 [Warning] Access denied for user 'root'@'tuleap.nextcloud_default' (using password: YES)
2022-11-03 14:36:42 160 [Warning] Access denied for user 'root'@'tuleap.nextcloud_default' (using password: YES)
2022-11-03 14:36:43 161 [Warning] Access denied for user 'root'@'tuleap.nextcloud_default' (using password: YES)
2022-11-03 14:36:44 162 [Warning] Access denied for user 'root'@'tuleap.nextcloud_default' (using password: YES)
2022-11-03 14:36:45 163 [Warning] Access denied for user 'root'@'tuleap.nextcloud_default' (using password: YES)
2022-11-03 14:36:46 164 [Warning] Access denied for user 'root'@'tuleap.nextcloud_default' (using password: YES)
2022-11-03 14:36:47 165 [Warning] Access denied for user 'root'@'tuleap.nextcloud_default' (using password: YES)
2022-11-03 14:36:48 166 [Warning] Access denied for user 'root'@'tuleap.nextcloud_default' (using password: YES)
2022-11-03 14:36:49 167 [Warning] Access denied for user 'root'@'tuleap.nextcloud_default' (using password: YES)
2022-11-03 14:36:50 168 [Warning] Access denied for user 'root'@'tuleap.nextcloud_default' (using password: YES)
2022-11-03 14:36:51 169 [Warning] Access denied for user 'root'@'tuleap.nextcloud_default' (using password: YES)
2022-11-03 14:36:52 170 [Warning] Access denied for user 'root'@'tuleap.nextcloud_default' (using password: YES)
2022-11-03 14:36:53 171 [Warning] Access denied for user 'root'@'tuleap.nextcloud_default' (using password: YES)
2022-11-03 14:36:54 172 [Warning] Access denied for user 'root'@'tuleap.nextcloud_default' (using password: YES)
2022-11-03 14:36:55 173 [Warning] Access denied for user 'root'@'tuleap.nextcloud_default' (using password: YES)
2022-11-03 14:36:56 174 [Warning] Access denied for user 'root'@'tuleap.nextcloud_default' (using password: YES)
2022-11-03 14:36:57 175 [Warning] Access denied for user 'root'@'tuleap.nextcloud_default' (using password: YES)
2022-11-03 14:36:58 176 [Warning] Access denied for user 'root'@'tuleap.nextcloud_default' (using password: YES)
2022-11-03 14:36:59 177 [Warning] Access denied for user 'root'@'tuleap.nextcloud_default' (using password: YES)
2022-11-03 14:37:00 178 [Warning] Access denied for user 'root'@'tuleap.nextcloud_default' (using password: YES)
2022-11-03 14:37:01 179 [Warning] Access denied for user 'root'@'tuleap.nextcloud_default' (using password: YES)
2022-11-03 14:37:02 180 [Warning] Access denied for user 'root'@'tuleap.nextcloud_default' (using password: YES)
2022-11-03 14:37:03 181 [Warning] Access denied for user 'root'@'tuleap.nextcloud_default' (using password: YES)
2022-11-03 14:37:04 182 [Warning] Access denied for user 'root'@'tuleap.nextcloud_default' (using password: YES)
2022-11-03 14:37:05 183 [Warning] Access denied for user 'root'@'tuleap.nextcloud_default' (using password: YES)
2022-11-03 14:37:06 184 [Warning] Access denied for user 'root'@'tuleap.nextcloud_default' (using password: YES)
2022-11-03 14:37:07 185 [Warning] Access denied for user 'root'@'tuleap.nextcloud_default' (using password: YES)
2022-11-03 14:37:08 186 [Warning] Access denied for user 'root'@'tuleap.nextcloud_default' (using password: YES)
2022-11-03 14:37:09 187 [Warning] Access denied for user 'root'@'tuleap.nextcloud_default' (using password: YES)
2022-11-03 14:37:10 188 [Warning] Access denied for user 'root'@'tuleap.nextcloud_default' (using password: YES)
2022-11-03 14:37:11 189 [Warning] Access denied for user 'tuleapadm'@'tuleap.nextcloud_default' (using password: YES)
2022-11-03 14:37:12 190 [Warning] Access denied for user 'root'@'tuleap.nextcloud_default' (using password: YES)
2022-11-03 14:37:13 192 [Warning] Access denied for user 'root'@'tuleap.nextcloud_default' (using password: YES)
2022-11-03 14:37:14 193 [Warning] Access denied for user 'root'@'tuleap.nextcloud_default' (using password: YES)
2022-11-03 14:37:15 194 [Warning] Access denied for user 'root'@'tuleap.nextcloud_default' (using password: YES)
2022-11-03 14:37:16 195 [Warning] Access denied for user 'root'@'tuleap.nextcloud_default' (using password: YES)
2022-11-03 14:37:17 196 [Warning] Access denied for user 'root'@'tuleap.nextcloud_default' (using password: YES)
2022-11-03 14:37:18 197 [Warning] Access denied for user 'root'@'tuleap.nextcloud_default' (using password: YES)
2022-11-03 14:37:19 198 [Warning] Access denied for user 'root'@'tuleap.nextcloud_default' (using password: YES)
2022-11-03 14:37:20 199 [Warning] Access denied for user 'root'@'tuleap.nextcloud_default' (using password: YES)
2022-11-03 14:37:22 200 [Warning] Access denied for user 'root'@'tuleap.nextcloud_default' (using password: YES)
2022-11-03 14:37:23 201 [Warning] Access denied for user 'root'@'tuleap.nextcloud_default' (using password: YES)
2022-11-03 14:37:24 202 [Warning] Access denied for user 'root'@'tuleap.nextcloud_default' (using password: YES)
2022-11-03 14:37:25 203 [Warning] Access denied for user 'root'@'tuleap.nextcloud_default' (using password: YES)
2022-11-03 14:37:26 204 [Warning] Access denied for user 'root'@'tuleap.nextcloud_default' (using password: YES)
2022-11-03 14:37:27 205 [Warning] Access denied for user 'root'@'tuleap.nextcloud_default' (using password: YES)
2022-11-03 14:37:28 206 [Warning] Access denied for user 'root'@'tuleap.nextcloud_default' (using password: YES)
2022-11-03 14:37:29 207 [Warning] Access denied for user 'root'@'tuleap.nextcloud_default' (using password: YES)
2022-11-03 14:37:30 208 [Warning] Access denied for user 'root'@'tuleap.nextcloud_default' (using password: YES)
2022-11-03 14:37:31 209 [Warning] Access denied for user 'root'@'tuleap.nextcloud_default' (using password: YES)
2022-11-03 14:37:32 210 [Warning] Access denied for user 'root'@'tuleap.nextcloud_default' (using password: YES)
2022-11-03 14:37:33 211 [Warning] Access denied for user 'root'@'tuleap.nextcloud_default' (using password: YES)
2022-11-03 14:37:34 212 [Warning] Access denied for user 'root'@'tuleap.nextcloud_default' (using password: YES)
2022-11-03 14:37:35 213 [Warning] Access denied for user 'root'@'tuleap.nextcloud_default' (using password: YES)
2022-11-03 14:37:36 214 [Warning] Access denied for user 'root'@'tuleap.nextcloud_default' (using password: YES)
2022-11-03 14:37:37 215 [Warning] Access denied for user 'root'@'tuleap.nextcloud_default' (using password: YES)
2022-11-03 14:37:38 216 [Warning] Access denied for user 'root'@'tuleap.nextcloud_default' (using password: YES)
2022-11-03 14:37:39 217 [Warning] Access denied for user 'root'@'tuleap.nextcloud_default' (using password: YES)
2022-11-03 14:37:40 218 [Warning] Access denied for user 'root'@'tuleap.nextcloud_default' (using password: YES)
2022-11-03 14:37:41 219 [Warning] Access denied for user 'root'@'tuleap.nextcloud_default' (using password: YES)
2022-11-03 14:37:42 220 [Warning] Access denied for user 'root'@'tuleap.nextcloud_default' (using password: YES)
2022-11-03 14:37:42 221 [Warning] Access denied for user 'tuleapadm'@'tuleap.nextcloud_default' (using password: YES)
2022-11-03 14:37:43 222 [Warning] Access denied for user 'root'@'tuleap.nextcloud_default' (using password: YES)
2022-11-03 14:37:44 223 [Warning] Access denied for user 'root'@'tuleap.nextcloud_default' (using password: YES)
2022-11-03 14:37:45 224 [Warning] Access denied for user 'root'@'tuleap.nextcloud_default' (using password: YES)
2022-11-03 14:37:46 225 [Warning] Access denied for user 'root'@'tuleap.nextcloud_default' (using password: YES)
2022-11-03 14:37:47 226 [Warning] Access denied for user 'root'@'tuleap.nextcloud_default' (using password: YES)
2022-11-03 14:37:48 227 [Warning] Access denied for user 'root'@'tuleap.nextcloud_default' (using password: YES)
2022-11-03 14:37:49 228 [Warning] Access denied for user 'root'@'tuleap.nextcloud_default' (using password: YES)
2022-11-03 14:37:50 229 [Warning] Access denied for user 'root'@'tuleap.nextcloud_default' (using password: YES)
2022-11-03 14:37:51 230 [Warning] Access denied for user 'root'@'tuleap.nextcloud_default' (using password: YES)
2022-11-03 14:37:52 231 [Warning] Access denied for user 'root'@'tuleap.nextcloud_default' (using password: YES)
2022-11-03 14:37:53 232 [Warning] Access denied for user 'root'@'tuleap.nextcloud_default' (using password: YES)
2022-11-03 14:37:54 233 [Warning] Access denied for user 'root'@'tuleap.nextcloud_default' (using password: YES)
2022-11-03 14:37:55 234 [Warning] Access denied for user 'root'@'tuleap.nextcloud_default' (using password: YES)
2022-11-03 14:37:56 235 [Warning] Access denied for user 'root'@'tuleap.nextcloud_default' (using password: YES)
2022-11-03 14:37:57 236 [Warning] Access denied for user 'root'@'tuleap.nextcloud_default' (using password: YES)
2022-11-03 14:37:58 237 [Warning] Access denied for user 'root'@'tuleap.nextcloud_default' (using password: YES)
2022-11-03 14:37:59 238 [Warning] Access denied for user 'root'@'tuleap.nextcloud_default' (using password: YES)
2022-11-03 14:38:00 239 [Warning] Access denied for user 'root'@'tuleap.nextcloud_default' (using password: YES)
2022-11-03 14:38:01 240 [Warning] Access denied for user 'root'@'tuleap.nextcloud_default' (using password: YES)
2022-11-03 14:38:02 241 [Warning] Access denied for user 'root'@'tuleap.nextcloud_default' (using password: YES)
2022-11-03 14:38:03 242 [Warning] Access denied for user 'root'@'tuleap.nextcloud_default' (using password: YES)
2022-11-03 14:38:04 243 [Warning] Access denied for user 'root'@'tuleap.nextcloud_default' (using password: YES)
2022-11-03 14:38:05 244 [Warning] Access denied for user 'root'@'tuleap.nextcloud_default' (using password: YES)
2022-11-03 14:38:06 245 [Warning] Access denied for user 'root'@'tuleap.nextcloud_default' (using password: YES)
2022-11-03 14:38:07 246 [Warning] Access denied for user 'root'@'tuleap.nextcloud_default' (using password: YES)
2022-11-03 14:38:08 247 [Warning] Access denied for user 'root'@'tuleap.nextcloud_default' (using password: YES)
2022-11-03 14:38:09 248 [Warning] Access denied for user 'root'@'tuleap.nextcloud_default' (using password: YES)
2022-11-03 14:38:10 249 [Warning] Access denied for user 'root'@'tuleap.nextcloud_default' (using password: YES)
2022-11-03 14:38:11 250 [Warning] Access denied for user 'root'@'tuleap.nextcloud_default' (using password: YES)
2022-11-03 14:38:12 251 [Warning] Access denied for user 'root'@'tuleap.nextcloud_default' (using password: YES)
2022-11-03 14:38:13 252 [Warning] Access denied for user 'tuleapadm'@'tuleap.nextcloud_default' (using password: YES)
2022-11-03 14:38:14 253 [Warning] Access denied for user 'root'@'tuleap.nextcloud_default' (using password: YES)
2022-11-03 14:38:15 254 [Warning] Access denied for user 'root'@'tuleap.nextcloud_default' (using password: YES)
2022-11-03 14:38:16 255 [Warning] Access denied for user 'root'@'tuleap.nextcloud_default' (using password: YES)
2022-11-03 14:38:17 256 [Warning] Access denied for user 'root'@'tuleap.nextcloud_default' (using password: YES)
2022-11-03 14:38:18 257 [Warning] Access denied for user 'root'@'tuleap.nextcloud_default' (using password: YES)
2022-11-03 14:38:19 258 [Warning] Access denied for user 'root'@'tuleap.nextcloud_default' (using password: YES)
2022-11-03 14:38:20 259 [Warning] Access denied for user 'root'@'tuleap.nextcloud_default' (using password: YES)
2022-11-03 14:38:21 260 [Warning] Access denied for user 'root'@'tuleap.nextcloud_default' (using password: YES)
2022-11-03 14:38:22 261 [Warning] Access denied for user 'root'@'tuleap.nextcloud_default' (using password: YES)
2022-11-03 14:38:23 262 [Warning] Access denied for user 'root'@'tuleap.nextcloud_default' (using password: YES)
2022-11-03 14:38:24 263 [Warning] Access denied for user 'root'@'tuleap.nextcloud_default' (using password: YES)
2022-11-03 14:38:25 264 [Warning] Access denied for user 'root'@'tuleap.nextcloud_default' (using password: YES)
2022-11-03 14:38:26 265 [Warning] Access denied for user 'root'@'tuleap.nextcloud_default' (using password: YES)
2022-11-03 14:38:27 266 [Warning] Access denied for user 'root'@'tuleap.nextcloud_default' (using password: YES)
2022-11-03 14:38:28 267 [Warning] Access denied for user 'root'@'tuleap.nextcloud_default' (using password: YES)
2022-11-03 14:38:29 268 [Warning] Access denied for user 'root'@'tuleap.nextcloud_default' (using password: YES)
2022-11-03 14:38:30 269 [Warning] Access denied for user 'root'@'tuleap.nextcloud_default' (using password: YES)
2022-11-03 14:38:31 270 [Warning] Access denied for user 'root'@'tuleap.nextcloud_default' (using password: YES)
2022-11-03 14:38:32 271 [Warning] Access denied for user 'root'@'tuleap.nextcloud_default' (using password: YES)
2022-11-03 14:38:33 272 [Warning] Access denied for user 'root'@'tuleap.nextcloud_default' (using password: YES)
2022-11-03 14:38:34 273 [Warning] Access denied for user 'root'@'tuleap.nextcloud_default' (using password: YES)
2022-11-03 14:38:35 274 [Warning] Access denied for user 'root'@'tuleap.nextcloud_default' (using password: YES)
2022-11-03 14:38:36 275 [Warning] Access denied for user 'root'@'tuleap.nextcloud_default' (using password: YES)
2022-11-03 14:38:37 276 [Warning] Access denied for user 'root'@'tuleap.nextcloud_default' (using password: YES)
2022-11-03 14:38:38 277 [Warning] Access denied for user 'root'@'tuleap.nextcloud_default' (using password: YES)
2022-11-03 14:38:39 278 [Warning] Access denied for user 'root'@'tuleap.nextcloud_default' (using password: YES)
2022-11-03 14:38:40 279 [Warning] Access denied for user 'root'@'tuleap.nextcloud_default' (using password: YES)
2022-11-03 14:38:41 280 [Warning] Access denied for user 'root'@'tuleap.nextcloud_default' (using password: YES)
2022-11-03 14:38:42 281 [Warning] Access denied for user 'root'@'tuleap.nextcloud_default' (using password: YES)
2022-11-03 14:38:43 282 [Warning] Access denied for user 'root'@'tuleap.nextcloud_default' (using password: YES)
2022-11-03 14:38:44 283 [Warning] Access denied for user 'tuleapadm'@'tuleap.nextcloud_default' (using password: YES)
2022-11-03 14:38:44 284 [Warning] Access denied for user 'root'@'tuleap.nextcloud_default' (using password: YES)
2022-11-03 14:38:45 285 [Warning] Access denied for user 'root'@'tuleap.nextcloud_default' (using password: YES)
2022-11-03 14:38:46 286 [Warning] Access denied for user 'root'@'tuleap.nextcloud_default' (using password: YES)
2022-11-03 14:38:47 287 [Warning] Access denied for user 'root'@'tuleap.nextcloud_default' (using password: YES)
2022-11-03 14:38:48 288 [Warning] Access denied for user 'root'@'tuleap.nextcloud_default' (using password: YES)
2022-11-03 14:38:49 289 [Warning] Access denied for user 'root'@'tuleap.nextcloud_default' (using password: YES)
2022-11-03 14:38:50 290 [Warning] Access denied for user 'root'@'tuleap.nextcloud_default' (using password: YES)
2022-11-03 14:38:51 291 [Warning] Access denied for user 'root'@'tuleap.nextcloud_default' (using password: YES)
2022-11-03 14:38:52 292 [Warning] Access denied for user 'root'@'tuleap.nextcloud_default' (using password: YES)
2022-11-03 14:38:53 293 [Warning] Access denied for user 'root'@'tuleap.nextcloud_default' (using password: YES)
2022-11-03 14:38:54 294 [Warning] Access denied for user 'root'@'tuleap.nextcloud_default' (using password: YES)
2022-11-03 14:38:55 295 [Warning] Access denied for user 'root'@'tuleap.nextcloud_default' (using password: YES)
2022-11-03 14:38:56 296 [Warning] Access denied for user 'root'@'tuleap.nextcloud_default' (using password: YES)
2022-11-03 14:38:57 297 [Warning] Access denied for user 'root'@'tuleap.nextcloud_default' (using password: YES)
2022-11-03 14:38:58 298 [Warning] Access denied for user 'root'@'tuleap.nextcloud_default' (using password: YES)
2022-11-03 14:38:59 299 [Warning] Access denied for user 'root'@'tuleap.nextcloud_default' (using password: YES)
2022-11-03 14:39:00 300 [Warning] Access denied for user 'root'@'tuleap.nextcloud_default' (using password: YES)
2022-11-03 14:39:01 301 [Warning] Access denied for user 'root'@'tuleap.nextcloud_default' (using password: YES)
2022-11-03 14:39:02 302 [Warning] Access denied for user 'root'@'tuleap.nextcloud_default' (using password: YES)
2022-11-03 14:39:03 303 [Warning] Access denied for user 'root'@'tuleap.nextcloud_default' (using password: YES)
2022-11-03 14:39:04 304 [Warning] Access denied for user 'root'@'tuleap.nextcloud_default' (using password: YES)
2022-11-03 14:39:05 305 [Warning] Access denied for user 'root'@'tuleap.nextcloud_default' (using password: YES)
2022-11-03 14:39:06 318 [Warning] Access denied for user 'root'@'tuleap.nextcloud_default' (using password: YES)
2022-11-03 14:39:07 319 [Warning] Access denied for user 'root'@'tuleap.nextcloud_default' (using password: YES)
2022-11-03 14:39:08 322 [Warning] Access denied for user 'root'@'tuleap.nextcloud_default' (using password: YES)
2022-11-03 14:39:09 325 [Warning] Access denied for user 'root'@'tuleap.nextcloud_default' (using password: YES)
2022-11-03 14:39:10 326 [Warning] Access denied for user 'root'@'tuleap.nextcloud_default' (using password: YES)
2022-11-03 14:39:11 327 [Warning] Access denied for user 'root'@'tuleap.nextcloud_default' (using password: YES)
2022-11-03 14:39:12 328 [Warning] Access denied for user 'root'@'tuleap.nextcloud_default' (using password: YES)
2022-11-03 14:39:13 329 [Warning] Access denied for user 'root'@'tuleap.nextcloud_default' (using password: YES)
2022-11-03 14:39:14 338 [Warning] Access denied for user 'tuleapadm'@'tuleap.nextcloud_default' (using password: YES)
2022-11-03 14:39:15 340 [Warning] Access denied for user 'root'@'tuleap.nextcloud_default' (using password: YES)
2022-11-03 14:39:16 341 [Warning] Access denied for user 'root'@'tuleap.nextcloud_default' (using password: YES)
2022-11-03 14:39:17 342 [Warning] Access denied for user 'root'@'tuleap.nextcloud_default' (using password: YES)
2022-11-03 14:39:18 343 [Warning] Access denied for user 'root'@'tuleap.nextcloud_default' (using password: YES)
2022-11-03 14:39:19 344 [Warning] Access denied for user 'root'@'tuleap.nextcloud_default' (using password: YES)
2022-11-03 14:39:20 345 [Warning] Access denied for user 'root'@'tuleap.nextcloud_default' (using password: YES)
2022-11-03 14:39:21 346 [Warning] Access denied for user 'root'@'tuleap.nextcloud_default' (using password: YES)
2022-11-03 14:39:22 347 [Warning] Access denied for user 'root'@'tuleap.nextcloud_default' (using password: YES)
2022-11-03 14:39:23 348 [Warning] Access denied for user 'root'@'tuleap.nextcloud_default' (using password: YES)
2022-11-03 14:39:24 349 [Warning] Access denied for user 'root'@'tuleap.nextcloud_default' (using password: YES)
2022-11-03 14:39:25 350 [Warning] Access denied for user 'root'@'tuleap.nextcloud_default' (using password: YES)
2022-11-03 14:39:26 351 [Warning] Access denied for user 'root'@'tuleap.nextcloud_default' (using password: YES)
2022-11-03 14:39:27 352 [Warning] Access denied for user 'root'@'tuleap.nextcloud_default' (using password: YES)
2022-11-03 14:39:28 353 [Warning] Access denied for user 'root'@'tuleap.nextcloud_default' (using password: YES)
2022-11-03 14:39:29 354 [Warning] Access denied for user 'root'@'tuleap.nextcloud_default' (using password: YES)
2022-11-03 14:39:30 355 [Warning] Access denied for user 'root'@'tuleap.nextcloud_default' (using password: YES)
2022-11-03 14:39:31 356 [Warning] Access denied for user 'root'@'tuleap.nextcloud_default' (using password: YES)
2022-11-03 14:39:32 357 [Warning] Access denied for user 'root'@'tuleap.nextcloud_default' (using password: YES)
2022-11-03 14:39:33 358 [Warning] Access denied for user 'root'@'tuleap.nextcloud_default' (using password: YES)
2022-11-03 14:39:34 359 [Warning] Access denied for user 'root'@'tuleap.nextcloud_default' (using password: YES)
2022-11-03 14:39:35 360 [Warning] Access denied for user 'root'@'tuleap.nextcloud_default' (using password: YES)
2022-11-03 14:39:36 361 [Warning] Access denied for user 'root'@'tuleap.nextcloud_default' (using password: YES)
2022-11-03 14:39:37 362 [Warning] Access denied for user 'root'@'tuleap.nextcloud_default' (using password: YES)
2022-11-03 14:39:38 363 [Warning] Access denied for user 'root'@'tuleap.nextcloud_default' (using password: YES)
2022-11-03 14:39:39 364 [Warning] Access denied for user 'root'@'tuleap.nextcloud_default' (using password: YES)
2022-11-03 14:39:40 365 [Warning] Access denied for user 'root'@'tuleap.nextcloud_default' (using password: YES)
2022-11-03 14:39:41 366 [Warning] Access denied for user 'root'@'tuleap.nextcloud_default' (using password: YES)
2022-11-03 14:39:42 367 [Warning] Access denied for user 'root'@'tuleap.nextcloud_default' (using password: YES)
2022-11-03 14:39:43 368 [Warning] Access denied for user 'root'@'tuleap.nextcloud_default' (using password: YES)
2022-11-03 14:39:44 369 [Warning] Access denied for user 'root'@'tuleap.nextcloud_default' (using password: YES)
2022-11-03 14:39:45 370 [Warning] Access denied for user 'tuleapadm'@'tuleap.nextcloud_default' (using password: YES)
2022-11-03 14:39:45 371 [Warning] Access denied for user 'root'@'tuleap.nextcloud_default' (using password: YES)
2022-11-03 14:39:46 372 [Warning] Access denied for user 'root'@'tuleap.nextcloud_default' (using password: YES)
2022-11-03 14:39:47 374 [Warning] Access denied for user 'root'@'tuleap.nextcloud_default' (using password: YES)
2022-11-03 14:39:48 375 [Warning] Access denied for user 'root'@'tuleap.nextcloud_default' (using password: YES)
2022-11-03 14:39:49 376 [Warning] Access denied for user 'root'@'tuleap.nextcloud_default' (using password: YES)
2022-11-03 14:39:50 377 [Warning] Access denied for user 'root'@'tuleap.nextcloud_default' (using password: YES)
2022-11-03 14:39:51 378 [Warning] Access denied for user 'root'@'tuleap.nextcloud_default' (using password: YES)
2022-11-03 14:39:52 379 [Warning] Access denied for user 'root'@'tuleap.nextcloud_default' (using password: YES)
2022-11-03 14:39:53 380 [Warning] Access denied for user 'root'@'tuleap.nextcloud_default' (using password: YES)
2022-11-03 14:39:54 381 [Warning] Access denied for user 'root'@'tuleap.nextcloud_default' (using password: YES)
2022-11-03 14:39:55 382 [Warning] Access denied for user 'root'@'tuleap.nextcloud_default' (using password: YES)
2022-11-03 14:39:56 383 [Warning] Access denied for user 'root'@'tuleap.nextcloud_default' (using password: YES)
2022-11-03 14:39:57 384 [Warning] Access denied for user 'root'@'tuleap.nextcloud_default' (using password: YES)
2022-11-03 14:39:58 385 [Warning] Access denied for user 'root'@'tuleap.nextcloud_default' (using password: YES)
2022-11-03 14:39:59 386 [Warning] Access denied for user 'root'@'tuleap.nextcloud_default' (using password: YES)
2022-11-03 14:40:00 387 [Warning] Access denied for user 'root'@'tuleap.nextcloud_default' (using password: YES)
2022-11-03 14:40:01 389 [Warning] Access denied for user 'root'@'tuleap.nextcloud_default' (using password: YES)
2022-11-03 14:40:02 390 [Warning] Access denied for user 'root'@'tuleap.nextcloud_default' (using password: YES)
2022-11-03 14:40:03 391 [Warning] Access denied for user 'root'@'tuleap.nextcloud_default' (using password: YES)
2022-11-03 14:40:04 392 [Warning] Access denied for user 'root'@'tuleap.nextcloud_default' (using password: YES)
2022-11-03 14:40:05 393 [Warning] Access denied for user 'root'@'tuleap.nextcloud_default' (using password: YES)
2022-11-03 14:40:06 394 [Warning] Access denied for user 'root'@'tuleap.nextcloud_default' (using password: YES)
2022-11-03 14:40:07 395 [Warning] Access denied for user 'root'@'tuleap.nextcloud_default' (using password: YES)
2022-11-03 14:40:08 396 [Warning] Access denied for user 'root'@'tuleap.nextcloud_default' (using password: YES)
2022-11-03 14:40:09 397 [Warning] Access denied for user 'root'@'tuleap.nextcloud_default' (using password: YES)
2022-11-03 14:40:10 398 [Warning] Access denied for user 'root'@'tuleap.nextcloud_default' (using password: YES)
2022-11-03 14:40:11 399 [Warning] Access denied for user 'root'@'tuleap.nextcloud_default' (using password: YES)
2022-11-03 14:40:12 400 [Warning] Access denied for user 'root'@'tuleap.nextcloud_default' (using password: YES)
2022-11-03 14:40:13 401 [Warning] Access denied for user 'root'@'tuleap.nextcloud_default' (using password: YES)
2022-11-03 14:40:14 402 [Warning] Access denied for user 'root'@'tuleap.nextcloud_default' (using password: YES)
2022-11-03 14:40:15 403 [Warning] Access denied for user 'tuleapadm'@'tuleap.nextcloud_default' (using password: YES)
2022-11-03 14:40:16 404 [Warning] Access denied for user 'root'@'tuleap.nextcloud_default' (using password: YES)
2022-11-03 14:40:17 406 [Warning] Access denied for user 'root'@'tuleap.nextcloud_default' (using password: YES)
2022-11-03 14:40:18 407 [Warning] Access denied for user 'root'@'tuleap.nextcloud_default' (using password: YES)
2022-11-03 14:40:19 408 [Warning] Access denied for user 'root'@'tuleap.nextcloud_default' (using password: YES)
2022-11-03 14:40:20 409 [Warning] Access denied for user 'root'@'tuleap.nextcloud_default' (using password: YES)
2022-11-03 14:40:21 410 [Warning] Access denied for user 'root'@'tuleap.nextcloud_default' (using password: YES)
2022-11-03 14:40:22 411 [Warning] Access denied for user 'root'@'tuleap.nextcloud_default' (using password: YES)
2022-11-03 14:40:23 412 [Warning] Access denied for user 'root'@'tuleap.nextcloud_default' (using password: YES)
2022-11-03 14:40:24 413 [Warning] Access denied for user 'root'@'tuleap.nextcloud_default' (using password: YES)
2022-11-03 14:40:25 414 [Warning] Access denied for user 'root'@'tuleap.nextcloud_default' (using password: YES)
2022-11-03 14:40:26 415 [Warning] Access denied for user 'root'@'tuleap.nextcloud_default' (using password: YES)
2022-11-03 14:40:27 416 [Warning] Access denied for user 'root'@'tuleap.nextcloud_default' (using password: YES)
2022-11-03 14:40:28 417 [Warning] Access denied for user 'root'@'tuleap.nextcloud_default' (using password: YES)
2022-11-03 14:40:29 418 [Warning] Access denied for user 'root'@'tuleap.nextcloud_default' (using password: YES)
2022-11-03 14:40:30 419 [Warning] Access denied for user 'root'@'tuleap.nextcloud_default' (using password: YES)
2022-11-03 14:40:31 420 [Warning] Access denied for user 'root'@'tuleap.nextcloud_default' (using password: YES)
2022-11-03 14:40:32 421 [Warning] Access denied for user 'root'@'tuleap.nextcloud_default' (using password: YES)
2022-11-03 14:40:33 422 [Warning] Access denied for user 'root'@'tuleap.nextcloud_default' (using password: YES)
2022-11-03 14:40:34 423 [Warning] Access denied for user 'root'@'tuleap.nextcloud_default' (using password: YES)
2022-11-03 14:40:35 424 [Warning] Access denied for user 'root'@'tuleap.nextcloud_default' (using password: YES)
2022-11-03 14:40:36 425 [Warning] Access denied for user 'root'@'tuleap.nextcloud_default' (using password: YES)
2022-11-03 14:40:37 426 [Warning] Access denied for user 'root'@'tuleap.nextcloud_default' (using password: YES)
2022-11-03 14:40:38 427 [Warning] Access denied for user 'root'@'tuleap.nextcloud_default' (using password: YES)
2022-11-03 14:40:39 428 [Warning] Access denied for user 'root'@'tuleap.nextcloud_default' (using password: YES)
2022-11-03 14:40:40 429 [Warning] Access denied for user 'root'@'tuleap.nextcloud_default' (using password: YES)
2022-11-03 14:40:41 430 [Warning] Access denied for user 'root'@'tuleap.nextcloud_default' (using password: YES)
2022-11-03 14:40:42 431 [Warning] Access denied for user 'root'@'tuleap.nextcloud_default' (using password: YES)
2022-11-03 14:40:43 432 [Warning] Access denied for user 'root'@'tuleap.nextcloud_default' (using password: YES)
2022-11-03 14:40:44 433 [Warning] Access denied for user 'root'@'tuleap.nextcloud_default' (using password: YES)
2022-11-03 14:40:45 434 [Warning] Access denied for user 'root'@'tuleap.nextcloud_default' (using password: YES)
2022-11-03 14:40:46 435 [Warning] Access denied for user 'tuleapadm'@'tuleap.nextcloud_default' (using password: YES)
2022-11-03 14:40:46 436 [Warning] Access denied for user 'root'@'tuleap.nextcloud_default' (using password: YES)
2022-11-03 14:40:47 438 [Warning] Access denied for user 'root'@'tuleap.nextcloud_default' (using password: YES)
2022-11-03 14:40:48 439 [Warning] Access denied for user 'root'@'tuleap.nextcloud_default' (using password: YES)
2022-11-03 14:40:49 440 [Warning] Access denied for user 'root'@'tuleap.nextcloud_default' (using password: YES)
2022-11-03 14:40:50 441 [Warning] Access denied for user 'root'@'tuleap.nextcloud_default' (using password: YES)
2022-11-03 14:40:51 442 [Warning] Access denied for user 'root'@'tuleap.nextcloud_default' (using password: YES)
2022-11-03 14:40:52 443 [Warning] Access denied for user 'root'@'tuleap.nextcloud_default' (using password: YES)
2022-11-03 14:40:53 444 [Warning] Access denied for user 'root'@'tuleap.nextcloud_default' (using password: YES)
2022-11-03 14:40:54 445 [Warning] Access denied for user 'root'@'tuleap.nextcloud_default' (using password: YES)
2022-11-03 14:40:55 446 [Warning] Access denied for user 'root'@'tuleap.nextcloud_default' (using password: YES)
2022-11-03 14:40:56 447 [Warning] Access denied for user 'root'@'tuleap.nextcloud_default' (using password: YES)
2022-11-03 14:40:57 448 [Warning] Access denied for user 'root'@'tuleap.nextcloud_default' (using password: YES)
2022-11-03 14:40:58 449 [Warning] Access denied for user 'root'@'tuleap.nextcloud_default' (using password: YES)
2022-11-03 14:40:59 450 [Warning] Access denied for user 'root'@'tuleap.nextcloud_default' (using password: YES)
2022-11-03 14:41:00 451 [Warning] Access denied for user 'root'@'tuleap.nextcloud_default' (using password: YES)
2022-11-03 14:41:01 452 [Warning] Access denied for user 'root'@'tuleap.nextcloud_default' (using password: YES)
2022-11-03 14:41:02 453 [Warning] Access denied for user 'root'@'tuleap.nextcloud_default' (using password: YES)
2022-11-03 14:41:03 454 [Warning] Access denied for user 'root'@'tuleap.nextcloud_default' (using password: YES)
2022-11-03 14:41:04 455 [Warning] Access denied for user 'root'@'tuleap.nextcloud_default' (using password: YES)
2022-11-03 14:41:04 0 [Note] /usr/bin/mariadbd (initiated by: unknown): Normal shutdown
2022-11-03 14:41:04 0 [Note] InnoDB: FTS optimize thread exiting.
2022-11-03 14:41:04 0 [Note] InnoDB: Starting shutdown...
2022-11-03 14:41:04 0 [Note] InnoDB: Dumping buffer pool(s) to /config/databases/ib_buffer_pool
221103 15:00:23 mysqld_safe Starting mariadbd daemon with databases from /config/databases
2022-11-03 15:00:24 0 [Note] /usr/bin/mariadbd (server 10.6.10-MariaDB-log) starting as process 331 ...
2022-11-03 15:00:24 0 [Warning] Setting lower_case_table_names=2 because file system for /config/databases/ is case insensitive
2022-11-03 15:00:24 0 [Note] InnoDB: Compressed tables use zlib 1.2.12
2022-11-03 15:00:24 0 [Note] InnoDB: Number of pools: 1
2022-11-03 15:00:24 0 [Note] InnoDB: Using crc32 + pclmulqdq instructions
2022-11-03 15:00:24 0 [Note] mariadbd: O_TMPFILE is not supported on /var/tmp (disabling future attempts)
2022-11-03 15:00:24 0 [Note] InnoDB: Using Linux native AIO
2022-11-03 15:00:24 0 [Note] InnoDB: Initializing buffer pool, total size = 268435456, chunk size = 134217728
2022-11-03 15:00:24 0 [Note] InnoDB: Completed initialization of buffer pool
2022-11-03 15:00:24 0 [Note] InnoDB: Starting crash recovery from checkpoint LSN=3251804,3251804
2022-11-03 15:00:24 0 [Note] InnoDB: Starting final batch to recover 18 pages from redo log.
2022-11-03 15:00:24 0 [Note] InnoDB: Last binlog file '/config/log/mysql/mariadb-bin.000008', position 107180
2022-11-03 15:00:24 0 [Note] InnoDB: 128 rollback segments are active.
2022-11-03 15:00:24 0 [Note] InnoDB: Removed temporary tablespace data file: "./ibtmp1"
2022-11-03 15:00:25 0 [Note] InnoDB: Creating shared tablespace for temporary tables
2022-11-03 15:00:25 0 [Note] InnoDB: Setting file './ibtmp1' size to 12 MB. Physically writing the file full; Please wait ...
2022-11-03 15:00:25 0 [Note] InnoDB: File './ibtmp1' size is now 12 MB.
2022-11-03 15:00:25 0 [Note] InnoDB: 10.6.10 started; log sequence number 3328564; transaction id 9814
2022-11-03 15:00:25 0 [Note] InnoDB: Loading buffer pool(s) from /config/databases/ib_buffer_pool
2022-11-03 15:00:25 0 [Note] Plugin 'FEEDBACK' is disabled.
2022-11-03 15:00:25 0 [Note] Server socket created on IP: '0.0.0.0'.
2022-11-03 15:00:25 0 [Note] Server socket created on IP: '::'.
2022-11-03 15:00:25 0 [Note] /usr/bin/mariadbd: ready for connections.
Version: '10.6.10-MariaDB-log'  socket: '/run/mysqld/mysqld.sock'  port: 3306  MariaDB Server
2022-11-03 15:00:25 4 [Warning] Access denied for user 'root'@'tuleap.nextcloud_default' (using password: YES)
2022-11-03 15:00:25 5 [Warning] Aborted connection 5 to db: 'unconnected' user: 'unauthenticated' host: 'localhost' (This connection closed normally without authentication)
2022-11-03 15:00:26 0 [Note] InnoDB: Buffer pool(s) load completed at 221103 15:00:26
2022-11-03 15:00:26 6 [Warning] Access denied for user 'root'@'tuleap.nextcloud_default' (using password: YES)
2022-11-03 15:00:27 7 [Warning] Access denied for user 'root'@'tuleap.nextcloud_default' (using password: YES)
2022-11-03 15:00:28 8 [Warning] Access denied for user 'root'@'tuleap.nextcloud_default' (using password: YES)
2022-11-03 15:00:29 9 [Warning] Access denied for user 'root'@'tuleap.nextcloud_default' (using password: YES)
2022-11-03 15:00:30 10 [Warning] Access denied for user 'root'@'tuleap.nextcloud_default' (using password: YES)
2022-11-03 15:00:31 11 [Warning] Access denied for user 'root'@'tuleap.nextcloud_default' (using password: YES)
2022-11-03 15:00:32 12 [Warning] Access denied for user 'root'@'tuleap.nextcloud_default' (using password: YES)
2022-11-03 15:00:33 13 [Warning] Access denied for user 'root'@'tuleap.nextcloud_default' (using password: YES)
2022-11-03 15:00:34 14 [Warning] Access denied for user 'root'@'tuleap.nextcloud_default' (using password: YES)
2022-11-03 15:00:35 15 [Warning] Access denied for user 'root'@'tuleap.nextcloud_default' (using password: YES)
2022-11-03 15:00:36 16 [Warning] Access denied for user 'root'@'tuleap.nextcloud_default' (using password: YES)
2022-11-03 15:00:37 17 [Warning] Access denied for user 'root'@'tuleap.nextcloud_default' (using password: YES)
2022-11-03 15:00:38 18 [Warning] Access denied for user 'root'@'tuleap.nextcloud_default' (using password: YES)
2022-11-03 15:00:39 19 [Warning] Access denied for user 'root'@'tuleap.nextcloud_default' (using password: YES)
2022-11-03 15:00:40 20 [Warning] Access denied for user 'root'@'tuleap.nextcloud_default' (using password: YES)
2022-11-03 15:00:41 21 [Warning] Access denied for user 'root'@'tuleap.nextcloud_default' (using password: YES)
2022-11-03 15:00:42 22 [Warning] Access denied for user 'root'@'tuleap.nextcloud_default' (using password: YES)
2022-11-03 15:00:43 23 [Warning] Access denied for user 'root'@'tuleap.nextcloud_default' (using password: YES)
2022-11-03 15:00:44 24 [Warning] Access denied for user 'root'@'tuleap.nextcloud_default' (using password: YES)
2022-11-03 15:00:45 25 [Warning] Access denied for user 'root'@'tuleap.nextcloud_default' (using password: YES)
2022-11-03 15:00:46 26 [Warning] Access denied for user 'root'@'tuleap.nextcloud_default' (using password: YES)
2022-11-03 15:00:47 27 [Warning] Access denied for user 'root'@'tuleap.nextcloud_default' (using password: YES)
2022-11-03 15:00:48 28 [Warning] Access denied for user 'root'@'tuleap.nextcloud_default' (using password: YES)
2022-11-03 15:00:49 29 [Warning] Access denied for user 'root'@'tuleap.nextcloud_default' (using password: YES)
2022-11-03 15:00:50 30 [Warning] Access denied for user 'root'@'tuleap.nextcloud_default' (using password: YES)
2022-11-03 15:00:51 31 [Warning] Access denied for user 'tuleapadm'@'tuleap.nextcloud_default' (using password: YES)
2022-11-03 15:00:51 32 [Warning] Access denied for user 'root'@'tuleap.nextcloud_default' (using password: YES)
2022-11-03 15:00:52 33 [Warning] Access denied for user 'root'@'tuleap.nextcloud_default' (using password: YES)
2022-11-03 15:00:53 34 [Warning] Access denied for user 'root'@'tuleap.nextcloud_default' (using password: YES)
2022-11-03 15:00:54 35 [Warning] Access denied for user 'root'@'tuleap.nextcloud_default' (using password: YES)
2022-11-03 15:00:55 36 [Warning] Access denied for user 'root'@'tuleap.nextcloud_default' (using password: YES)
2022-11-03 15:00:56 37 [Warning] Access denied for user 'root'@'tuleap.nextcloud_default' (using password: YES)
2022-11-03 15:00:57 38 [Warning] Access denied for user 'root'@'tuleap.nextcloud_default' (using password: YES)
2022-11-03 15:00:58 39 [Warning] Access denied for user 'root'@'tuleap.nextcloud_default' (using password: YES)
2022-11-03 15:00:59 40 [Warning] Access denied for user 'root'@'tuleap.nextcloud_default' (using password: YES)
2022-11-03 15:01:00 41 [Warning] Access denied for user 'root'@'tuleap.nextcloud_default' (using password: YES)
2022-11-03 15:01:01 42 [Warning] Access denied for user 'root'@'tuleap.nextcloud_default' (using password: YES)
2022-11-03 15:01:02 43 [Warning] Access denied for user 'root'@'tuleap.nextcloud_default' (using password: YES)
2022-11-03 15:01:03 44 [Warning] Access denied for user 'root'@'tuleap.nextcloud_default' (using password: YES)
2022-11-03 15:01:04 45 [Warning] Access denied for user 'root'@'tuleap.nextcloud_default' (using password: YES)
2022-11-03 15:01:05 46 [Warning] Access denied for user 'root'@'tuleap.nextcloud_default' (using password: YES)
2022-11-03 15:01:06 47 [Warning] Access denied for user 'root'@'tuleap.nextcloud_default' (using password: YES)
2022-11-03 15:01:07 48 [Warning] Access denied for user 'root'@'tuleap.nextcloud_default' (using password: YES)
2022-11-03 15:01:08 49 [Warning] Access denied for user 'root'@'tuleap.nextcloud_default' (using password: YES)
2022-11-03 15:01:09 50 [Warning] Access denied for user 'root'@'tuleap.nextcloud_default' (using password: YES)
2022-11-03 15:01:10 51 [Warning] Access denied for user 'root'@'tuleap.nextcloud_default' (using password: YES)
2022-11-03 15:01:11 52 [Warning] Access denied for user 'root'@'tuleap.nextcloud_default' (using password: YES)
2022-11-03 15:01:12 53 [Warning] Access denied for user 'root'@'tuleap.nextcloud_default' (using password: YES)
2022-11-03 15:01:13 54 [Warning] Access denied for user 'root'@'tuleap.nextcloud_default' (using password: YES)
2022-11-03 15:01:14 55 [Warning] Access denied for user 'root'@'tuleap.nextcloud_default' (using password: YES)
2022-11-03 15:01:15 56 [Warning] Access denied for user 'root'@'tuleap.nextcloud_default' (using password: YES)
2022-11-03 15:01:16 57 [Warning] Access denied for user 'root'@'tuleap.nextcloud_default' (using password: YES)
2022-11-03 15:01:17 58 [Warning] Access denied for user 'root'@'tuleap.nextcloud_default' (using password: YES)
2022-11-03 15:01:18 59 [Warning] Access denied for user 'root'@'tuleap.nextcloud_default' (using password: YES)
2022-11-03 15:01:19 60 [Warning] Access denied for user 'root'@'tuleap.nextcloud_default' (using password: YES)
2022-11-03 15:01:20 61 [Warning] Access denied for user 'root'@'tuleap.nextcloud_default' (using password: YES)
2022-11-03 15:01:21 62 [Warning] Access denied for user 'tuleapadm'@'tuleap.nextcloud_default' (using password: YES)
2022-11-03 15:01:22 63 [Warning] Access denied for user 'root'@'tuleap.nextcloud_default' (using password: YES)
2022-11-03 15:01:23 64 [Warning] Access denied for user 'root'@'tuleap.nextcloud_default' (using password: YES)
2022-11-03 15:01:24 65 [Warning] Access denied for user 'root'@'tuleap.nextcloud_default' (using password: YES)
2022-11-03 15:01:25 66 [Warning] Access denied for user 'root'@'tuleap.nextcloud_default' (using password: YES)
2022-11-03 15:01:26 67 [Warning] Access denied for user 'root'@'tuleap.nextcloud_default' (using password: YES)
2022-11-03 15:01:27 68 [Warning] Access denied for user 'root'@'tuleap.nextcloud_default' (using password: YES)
2022-11-03 15:01:28 69 [Warning] Access denied for user 'root'@'tuleap.nextcloud_default' (using password: YES)
2022-11-03 15:01:29 70 [Warning] Access denied for user 'root'@'tuleap.nextcloud_default' (using password: YES)
2022-11-03 15:01:30 71 [Warning] Access denied for user 'root'@'tuleap.nextcloud_default' (using password: YES)
2022-11-03 15:01:31 72 [Warning] Access denied for user 'root'@'tuleap.nextcloud_default' (using password: YES)
2022-11-03 15:01:32 73 [Warning] Access denied for user 'root'@'tuleap.nextcloud_default' (using password: YES)
2022-11-03 15:01:33 74 [Warning] Access denied for user 'root'@'tuleap.nextcloud_default' (using password: YES)
2022-11-03 15:01:34 75 [Warning] Access denied for user 'root'@'tuleap.nextcloud_default' (using password: YES)
2022-11-03 15:01:35 76 [Warning] Access denied for user 'root'@'tuleap.nextcloud_default' (using password: YES)
2022-11-03 15:01:37 77 [Warning] Access denied for user 'root'@'tuleap.nextcloud_default' (using password: YES)
2022-11-03 15:01:38 78 [Warning] Access denied for user 'root'@'tuleap.nextcloud_default' (using password: YES)
2022-11-03 15:01:39 79 [Warning] Access denied for user 'root'@'tuleap.nextcloud_default' (using password: YES)
2022-11-03 15:01:40 80 [Warning] Access denied for user 'root'@'tuleap.nextcloud_default' (using password: YES)
2022-11-03 15:01:41 81 [Warning] Access denied for user 'root'@'tuleap.nextcloud_default' (using password: YES)
2022-11-03 15:01:42 82 [Warning] Access denied for user 'root'@'tuleap.nextcloud_default' (using password: YES)
2022-11-03 15:01:43 83 [Warning] Access denied for user 'root'@'tuleap.nextcloud_default' (using password: YES)
2022-11-03 15:01:44 84 [Warning] Access denied for user 'root'@'tuleap.nextcloud_default' (using password: YES)
2022-11-03 15:01:45 85 [Warning] Access denied for user 'root'@'tuleap.nextcloud_default' (using password: YES)
2022-11-03 15:01:46 86 [Warning] Access denied for user 'root'@'tuleap.nextcloud_default' (using password: YES)
2022-11-03 15:01:47 87 [Warning] Access denied for user 'root'@'tuleap.nextcloud_default' (using password: YES)
2022-11-03 15:01:48 88 [Warning] Access denied for user 'root'@'tuleap.nextcloud_default' (using password: YES)
2022-11-03 15:01:49 89 [Warning] Access denied for user 'root'@'tuleap.nextcloud_default' (using password: YES)
2022-11-03 15:01:50 90 [Warning] Access denied for user 'root'@'tuleap.nextcloud_default' (using password: YES)
2022-11-03 15:01:51 91 [Warning] Access denied for user 'root'@'tuleap.nextcloud_default' (using password: YES)
2022-11-03 15:01:52 92 [Warning] Access denied for user 'root'@'tuleap.nextcloud_default' (using password: YES)
2022-11-03 15:01:52 93 [Warning] Access denied for user 'tuleapadm'@'tuleap.nextcloud_default' (using password: YES)
2022-11-03 15:01:53 94 [Warning] Access denied for user 'root'@'tuleap.nextcloud_default' (using password: YES)
2022-11-03 15:01:54 95 [Warning] Access denied for user 'root'@'tuleap.nextcloud_default' (using password: YES)
2022-11-03 15:01:55 96 [Warning] Access denied for user 'root'@'tuleap.nextcloud_default' (using password: YES)
2022-11-03 15:01:56 97 [Warning] Access denied for user 'root'@'tuleap.nextcloud_default' (using password: YES)
2022-11-03 15:01:57 98 [Warning] Access denied for user 'root'@'tuleap.nextcloud_default' (using password: YES)
2022-11-03 15:01:58 99 [Warning] Access denied for user 'root'@'tuleap.nextcloud_default' (using password: YES)
2022-11-03 15:01:59 100 [Warning] Access denied for user 'root'@'tuleap.nextcloud_default' (using password: YES)
2022-11-03 15:02:00 101 [Warning] Access denied for user 'root'@'tuleap.nextcloud_default' (using password: YES)
2022-11-03 15:02:02 102 [Warning] Access denied for user 'root'@'tuleap.nextcloud_default' (using password: YES)
2022-11-03 15:02:03 103 [Warning] Access denied for user 'root'@'tuleap.nextcloud_default' (using password: YES)
2022-11-03 15:02:04 104 [Warning] Access denied for user 'root'@'tuleap.nextcloud_default' (using password: YES)
2022-11-03 15:02:05 105 [Warning] Access denied for user 'root'@'tuleap.nextcloud_default' (using password: YES)
2022-11-03 15:02:06 106 [Warning] Access denied for user 'root'@'tuleap.nextcloud_default' (using password: YES)
2022-11-03 15:02:07 107 [Warning] Access denied for user 'root'@'tuleap.nextcloud_default' (using password: YES)
2022-11-03 15:02:08 108 [Warning] Access denied for user 'root'@'tuleap.nextcloud_default' (using password: YES)
2022-11-03 15:02:09 109 [Warning] Access denied for user 'root'@'tuleap.nextcloud_default' (using password: YES)
2022-11-03 15:02:10 110 [Warning] Access denied for user 'root'@'tuleap.nextcloud_default' (using password: YES)
2022-11-03 15:02:11 111 [Warning] Access denied for user 'root'@'tuleap.nextcloud_default' (using password: YES)
2022-11-03 15:02:12 112 [Warning] Access denied for user 'root'@'tuleap.nextcloud_default' (using password: YES)
2022-11-03 15:02:13 113 [Warning] Access denied for user 'root'@'tuleap.nextcloud_default' (using password: YES)
2022-11-03 15:02:14 114 [Warning] Access denied for user 'root'@'tuleap.nextcloud_default' (using password: YES)
2022-11-03 15:02:15 115 [Warning] Access denied for user 'root'@'tuleap.nextcloud_default' (using password: YES)
2022-11-03 15:02:16 116 [Warning] Access denied for user 'root'@'tuleap.nextcloud_default' (using password: YES)
2022-11-03 15:02:17 117 [Warning] Access denied for user 'root'@'tuleap.nextcloud_default' (using password: YES)
2022-11-03 15:02:18 118 [Warning] Access denied for user 'root'@'tuleap.nextcloud_default' (using password: YES)
2022-11-03 15:02:19 119 [Warning] Access denied for user 'root'@'tuleap.nextcloud_default' (using password: YES)
2022-11-03 15:02:20 120 [Warning] Access denied for user 'root'@'tuleap.nextcloud_default' (using password: YES)
2022-11-03 15:02:21 121 [Warning] Access denied for user 'root'@'tuleap.nextcloud_default' (using password: YES)
2022-11-03 15:02:22 122 [Warning] Access denied for user 'root'@'tuleap.nextcloud_default' (using password: YES)
2022-11-03 15:02:22 123 [Warning] Access denied for user 'tuleapadm'@'tuleap.nextcloud_default' (using password: YES)
2022-11-03 15:02:23 124 [Warning] Access denied for user 'root'@'tuleap.nextcloud_default' (using password: YES)
2022-11-03 15:02:25 125 [Warning] Access denied for user 'root'@'tuleap.nextcloud_default' (using password: YES)
2022-11-03 15:02:26 126 [Warning] Access denied for user 'root'@'tuleap.nextcloud_default' (using password: YES)
2022-11-03 15:02:27 127 [Warning] Access denied for user 'root'@'tuleap.nextcloud_default' (using password: YES)
2022-11-03 15:02:28 128 [Warning] Access denied for user 'root'@'tuleap.nextcloud_default' (using password: YES)
2022-11-03 15:02:29 129 [Warning] Access denied for user 'root'@'tuleap.nextcloud_default' (using password: YES)
2022-11-03 15:02:30 130 [Warning] Access denied for user 'root'@'tuleap.nextcloud_default' (using password: YES)
2022-11-03 15:02:31 131 [Warning] Access denied for user 'root'@'tuleap.nextcloud_default' (using password: YES)
2022-11-03 15:02:32 132 [Warning] Access denied for user 'root'@'tuleap.nextcloud_default' (using password: YES)
2022-11-03 15:02:33 133 [Warning] Access denied for user 'root'@'tuleap.nextcloud_default' (using password: YES)
2022-11-03 15:02:34 134 [Warning] Access denied for user 'root'@'tuleap.nextcloud_default' (using password: YES)
2022-11-03 15:02:35 135 [Warning] Access denied for user 'root'@'tuleap.nextcloud_default' (using password: YES)
2022-11-03 15:02:36 136 [Warning] Access denied for user 'root'@'tuleap.nextcloud_default' (using password: YES)
2022-11-03 15:02:37 137 [Warning] Access denied for user 'root'@'tuleap.nextcloud_default' (using password: YES)
2022-11-03 15:02:38 138 [Warning] Access denied for user 'root'@'tuleap.nextcloud_default' (using password: YES)
2022-11-03 15:02:39 139 [Warning] Access denied for user 'root'@'tuleap.nextcloud_default' (using password: YES)
2022-11-03 15:02:40 140 [Warning] Access denied for user 'root'@'tuleap.nextcloud_default' (using password: YES)
2022-11-03 15:02:41 141 [Warning] Access denied for user 'root'@'tuleap.nextcloud_default' (using password: YES)
2022-11-03 15:02:42 142 [Warning] Access denied for user 'root'@'tuleap.nextcloud_default' (using password: YES)
2022-11-03 15:02:43 143 [Warning] Access denied for user 'root'@'tuleap.nextcloud_default' (using password: YES)
2022-11-03 15:02:44 144 [Warning] Access denied for user 'root'@'tuleap.nextcloud_default' (using password: YES)
2022-11-03 15:02:45 145 [Warning] Access denied for user 'root'@'tuleap.nextcloud_default' (using password: YES)
2022-11-03 15:02:46 146 [Warning] Access denied for user 'root'@'tuleap.nextcloud_default' (using password: YES)
2022-11-03 15:02:47 147 [Warning] Access denied for user 'root'@'tuleap.nextcloud_default' (using password: YES)
2022-11-03 15:02:48 148 [Warning] Access denied for user 'root'@'tuleap.nextcloud_default' (using password: YES)
2022-11-03 15:02:49 149 [Warning] Access denied for user 'root'@'tuleap.nextcloud_default' (using password: YES)
2022-11-03 15:02:50 150 [Warning] Access denied for user 'root'@'tuleap.nextcloud_default' (using password: YES)
2022-11-03 15:02:51 151 [Warning] Access denied for user 'root'@'tuleap.nextcloud_default' (using password: YES)
2022-11-03 15:02:52 152 [Warning] Access denied for user 'root'@'tuleap.nextcloud_default' (using password: YES)
2022-11-03 15:02:53 153 [Warning] Access denied for user 'root'@'tuleap.nextcloud_default' (using password: YES)
2022-11-03 15:02:54 154 [Warning] Access denied for user 'root'@'tuleap.nextcloud_default' (using password: YES)
2022-11-03 15:02:55 155 [Warning] Access denied for user 'tuleapadm'@'tuleap.nextcloud_default' (using password: YES)
2022-11-03 15:02:55 156 [Warning] Access denied for user 'root'@'tuleap.nextcloud_default' (using password: YES)
2022-11-03 15:02:56 157 [Warning] Access denied for user 'root'@'tuleap.nextcloud_default' (using password: YES)
2022-11-03 15:02:57 158 [Warning] Access denied for user 'root'@'tuleap.nextcloud_default' (using password: YES)
2022-11-03 15:02:58 159 [Warning] Access denied for user 'root'@'tuleap.nextcloud_default' (using password: YES)
2022-11-03 15:02:59 160 [Warning] Access denied for user 'root'@'tuleap.nextcloud_default' (using password: YES)
2022-11-03 15:03:00 161 [Warning] Access denied for user 'root'@'tuleap.nextcloud_default' (using password: YES)
2022-11-03 15:03:01 162 [Warning] Access denied for user 'root'@'tuleap.nextcloud_default' (using password: YES)
2022-11-03 15:03:02 163 [Warning] Access denied for user 'root'@'tuleap.nextcloud_default' (using password: YES)
2022-11-03 15:03:03 164 [Warning] Access denied for user 'root'@'tuleap.nextcloud_default' (using password: YES)
2022-11-03 15:03:04 165 [Warning] Access denied for user 'root'@'tuleap.nextcloud_default' (using password: YES)
2022-11-03 15:03:05 166 [Warning] Access denied for user 'root'@'tuleap.nextcloud_default' (using password: YES)
2022-11-03 15:03:06 167 [Warning] Access denied for user 'root'@'tuleap.nextcloud_default' (using password: YES)
2022-11-03 15:03:07 168 [Warning] Access denied for user 'root'@'tuleap.nextcloud_default' (using password: YES)
2022-11-03 15:03:08 169 [Warning] Access denied for user 'root'@'tuleap.nextcloud_default' (using password: YES)
2022-11-03 15:03:09 170 [Warning] Access denied for user 'root'@'tuleap.nextcloud_default' (using password: YES)
2022-11-03 15:03:10 173 [Warning] Access denied for user 'root'@'tuleap.nextcloud_default' (using password: YES)
2022-11-03 15:03:11 174 [Warning] Access denied for user 'root'@'tuleap.nextcloud_default' (using password: YES)
2022-11-03 15:03:12 175 [Warning] Access denied for user 'root'@'tuleap.nextcloud_default' (using password: YES)
2022-11-03 15:03:13 176 [Warning] Access denied for user 'root'@'tuleap.nextcloud_default' (using password: YES)
2022-11-03 15:03:14 177 [Warning] Access denied for user 'root'@'tuleap.nextcloud_default' (using password: YES)
2022-11-03 15:03:15 178 [Warning] Access denied for user 'root'@'tuleap.nextcloud_default' (using password: YES)
2022-11-03 15:03:16 179 [Warning] Access denied for user 'root'@'tuleap.nextcloud_default' (using password: YES)
2022-11-03 15:03:17 180 [Warning] Access denied for user 'root'@'tuleap.nextcloud_default' (using password: YES)
2022-11-03 15:03:18 181 [Warning] Access denied for user 'root'@'tuleap.nextcloud_default' (using password: YES)
2022-11-03 15:03:19 182 [Warning] Access denied for user 'root'@'tuleap.nextcloud_default' (using password: YES)
2022-11-03 15:03:20 183 [Warning] Access denied for user 'root'@'tuleap.nextcloud_default' (using password: YES)
2022-11-03 15:03:21 184 [Warning] Access denied for user 'root'@'tuleap.nextcloud_default' (using password: YES)
2022-11-03 15:03:22 185 [Warning] Access denied for user 'root'@'tuleap.nextcloud_default' (using password: YES)
2022-11-03 15:03:23 186 [Warning] Access denied for user 'root'@'tuleap.nextcloud_default' (using password: YES)
2022-11-03 15:03:24 187 [Warning] Access denied for user 'root'@'tuleap.nextcloud_default' (using password: YES)
2022-11-03 15:03:26 190 [Warning] Access denied for user 'root'@'tuleap.nextcloud_default' (using password: YES)
2022-11-03 15:03:27 191 [Warning] Access denied for user 'root'@'tuleap.nextcloud_default' (using password: YES)
2022-11-03 15:03:28 192 [Warning] Access denied for user 'root'@'tuleap.nextcloud_default' (using password: YES)
2022-11-03 15:03:29 193 [Warning] Access denied for user 'root'@'tuleap.nextcloud_default' (using password: YES)
2022-11-03 15:03:30 195 [Warning] Access denied for user 'root'@'tuleap.nextcloud_default' (using password: YES)
2022-11-03 15:03:31 196 [Warning] Access denied for user 'root'@'tuleap.nextcloud_default' (using password: YES)
2022-11-03 15:03:32 197 [Warning] Access denied for user 'root'@'tuleap.nextcloud_default' (using password: YES)
2022-11-03 15:03:33 198 [Warning] Access denied for user 'root'@'tuleap.nextcloud_default' (using password: YES)
2022-11-03 15:03:34 199 [Warning] Access denied for user 'root'@'tuleap.nextcloud_default' (using password: YES)
2022-11-03 15:03:35 200 [Warning] Access denied for user 'root'@'tuleap.nextcloud_default' (using password: YES)
2022-11-03 15:03:36 201 [Warning] Access denied for user 'root'@'tuleap.nextcloud_default' (using password: YES)
2022-11-03 15:03:37 202 [Warning] Access denied for user 'root'@'tuleap.nextcloud_default' (using password: YES)
2022-11-03 15:03:38 203 [Warning] Access denied for user 'root'@'tuleap.nextcloud_default' (using password: YES)
2022-11-03 15:03:39 204 [Warning] Access denied for user 'root'@'tuleap.nextcloud_default' (using password: YES)
2022-11-03 15:03:40 205 [Warning] Access denied for user 'root'@'tuleap.nextcloud_default' (using password: YES)
2022-11-03 15:03:41 206 [Warning] Access denied for user 'root'@'tuleap.nextcloud_default' (using password: YES)
2022-11-03 15:03:42 207 [Warning] Access denied for user 'root'@'tuleap.nextcloud_default' (using password: YES)
2022-11-03 15:03:43 208 [Warning] Access denied for user 'root'@'tuleap.nextcloud_default' (using password: YES)
2022-11-03 15:03:44 209 [Warning] Access denied for user 'root'@'tuleap.nextcloud_default' (using password: YES)
2022-11-03 15:03:45 210 [Warning] Access denied for user 'root'@'tuleap.nextcloud_default' (using password: YES)
2022-11-03 15:03:46 211 [Warning] Access denied for user 'root'@'tuleap.nextcloud_default' (using password: YES)
2022-11-03 15:03:47 212 [Warning] Access denied for user 'root'@'tuleap.nextcloud_default' (using password: YES)
2022-11-03 15:03:48 213 [Warning] Access denied for user 'root'@'tuleap.nextcloud_default' (using password: YES)
2022-11-03 15:03:49 214 [Warning] Access denied for user 'root'@'tuleap.nextcloud_default' (using password: YES)
2022-11-03 15:03:50 215 [Warning] Access denied for user 'root'@'tuleap.nextcloud_default' (using password: YES)
2022-11-03 15:03:51 216 [Warning] Access denied for user 'root'@'tuleap.nextcloud_default' (using password: YES)
2022-11-03 15:03:52 217 [Warning] Access denied for user 'root'@'tuleap.nextcloud_default' (using password: YES)
2022-11-03 15:03:53 218 [Warning] Access denied for user 'root'@'tuleap.nextcloud_default' (using password: YES)
2022-11-03 15:03:54 219 [Warning] Access denied for user 'root'@'tuleap.nextcloud_default' (using password: YES)
2022-11-03 15:03:55 220 [Warning] Access denied for user 'root'@'tuleap.nextcloud_default' (using password: YES)
2022-11-03 15:03:56 221 [Warning] Access denied for user 'tuleapadm'@'tuleap.nextcloud_default' (using password: YES)
2022-11-03 15:03:56 222 [Warning] Access denied for user 'root'@'tuleap.nextcloud_default' (using password: YES)
2022-11-03 15:03:57 223 [Warning] Access denied for user 'root'@'tuleap.nextcloud_default' (using password: YES)
2022-11-03 15:03:58 224 [Warning] Access denied for user 'root'@'tuleap.nextcloud_default' (using password: YES)
2022-11-03 15:03:59 225 [Warning] Access denied for user 'root'@'tuleap.nextcloud_default' (using password: YES)
2022-11-03 15:04:00 226 [Warning] Access denied for user 'root'@'tuleap.nextcloud_default' (using password: YES)
2022-11-03 15:04:01 227 [Warning] Access denied for user 'root'@'tuleap.nextcloud_default' (using password: YES)
2022-11-03 15:04:02 228 [Warning] Access denied for user 'root'@'tuleap.nextcloud_default' (using password: YES)
2022-11-03 15:04:03 229 [Warning] Access denied for user 'root'@'tuleap.nextcloud_default' (using password: YES)
2022-11-03 15:04:04 230 [Warning] Access denied for user 'root'@'tuleap.nextcloud_default' (using password: YES)
2022-11-03 15:04:05 231 [Warning] Access denied for user 'root'@'tuleap.nextcloud_default' (using password: YES)
2022-11-03 15:04:06 232 [Warning] Access denied for user 'root'@'tuleap.nextcloud_default' (using password: YES)
2022-11-03 15:04:07 233 [Warning] Access denied for user 'root'@'tuleap.nextcloud_default' (using password: YES)
2022-11-03 15:04:08 234 [Warning] Access denied for user 'root'@'tuleap.nextcloud_default' (using password: YES)
2022-11-03 15:04:09 235 [Warning] Access denied for user 'root'@'tuleap.nextcloud_default' (using password: YES)
2022-11-03 15:04:10 236 [Warning] Access denied for user 'root'@'tuleap.nextcloud_default' (using password: YES)
2022-11-03 15:04:11 237 [Warning] Access denied for user 'root'@'tuleap.nextcloud_default' (using password: YES)
2022-11-03 15:04:12 238 [Warning] Access denied for user 'root'@'tuleap.nextcloud_default' (using password: YES)
2022-11-03 15:04:13 239 [Warning] Access denied for user 'root'@'tuleap.nextcloud_default' (using password: YES)
2022-11-03 15:04:14 240 [Warning] Access denied for user 'root'@'tuleap.nextcloud_default' (using password: YES)
2022-11-03 15:04:15 241 [Warning] Access denied for user 'root'@'tuleap.nextcloud_default' (using password: YES)
2022-11-03 15:04:16 242 [Warning] Access denied for user 'root'@'tuleap.nextcloud_default' (using password: YES)
2022-11-03 15:04:17 243 [Warning] Access denied for user 'root'@'tuleap.nextcloud_default' (using password: YES)
2022-11-03 15:04:18 244 [Warning] Access denied for user 'root'@'tuleap.nextcloud_default' (using password: YES)
2022-11-03 15:04:19 245 [Warning] Access denied for user 'root'@'tuleap.nextcloud_default' (using password: YES)
2022-11-03 15:04:20 246 [Warning] Access denied for user 'root'@'tuleap.nextcloud_default' (using password: YES)
2022-11-03 15:04:21 247 [Warning] Access denied for user 'root'@'tuleap.nextcloud_default' (using password: YES)
2022-11-03 15:04:22 248 [Warning] Access denied for user 'root'@'tuleap.nextcloud_default' (using password: YES)
2022-11-03 15:04:23 249 [Warning] Access denied for user 'root'@'tuleap.nextcloud_default' (using password: YES)
2022-11-03 15:04:24 250 [Warning] Access denied for user 'root'@'tuleap.nextcloud_default' (using password: YES)
2022-11-03 15:04:25 251 [Warning] Access denied for user 'root'@'tuleap.nextcloud_default' (using password: YES)
2022-11-03 15:04:26 252 [Warning] Access denied for user 'tuleapadm'@'tuleap.nextcloud_default' (using password: YES)
2022-11-03 15:04:27 253 [Warning] Access denied for user 'root'@'tuleap.nextcloud_default' (using password: YES)
2022-11-03 15:04:28 254 [Warning] Access denied for user 'root'@'tuleap.nextcloud_default' (using password: YES)
2022-11-03 15:04:29 255 [Warning] Access denied for user 'root'@'tuleap.nextcloud_default' (using password: YES)
2022-11-03 15:04:30 256 [Warning] Access denied for user 'root'@'tuleap.nextcloud_default' (using password: YES)
2022-11-03 15:04:31 257 [Warning] Access denied for user 'root'@'tuleap.nextcloud_default' (using password: YES)
2022-11-03 15:04:32 258 [Warning] Access denied for user 'root'@'tuleap.nextcloud_default' (using password: YES)
2022-11-03 15:04:33 259 [Warning] Access denied for user 'root'@'tuleap.nextcloud_default' (using password: YES)
2022-11-03 15:04:34 260 [Warning] Access denied for user 'root'@'tuleap.nextcloud_default' (using password: YES)
2022-11-03 15:04:35 261 [Warning] Access denied for user 'root'@'tuleap.nextcloud_default' (using password: YES)
2022-11-03 15:04:36 262 [Warning] Access denied for user 'root'@'tuleap.nextcloud_default' (using password: YES)
2022-11-03 15:04:37 263 [Warning] Access denied for user 'root'@'tuleap.nextcloud_default' (using password: YES)
2022-11-03 15:04:38 264 [Warning] Access denied for user 'root'@'tuleap.nextcloud_default' (using password: YES)
2022-11-03 15:04:39 265 [Warning] Access denied for user 'root'@'tuleap.nextcloud_default' (using password: YES)
2022-11-03 15:04:40 266 [Warning] Access denied for user 'root'@'tuleap.nextcloud_default' (using password: YES)
2022-11-03 15:04:41 267 [Warning] Access denied for user 'root'@'tuleap.nextcloud_default' (using password: YES)
2022-11-03 15:04:42 268 [Warning] Access denied for user 'root'@'tuleap.nextcloud_default' (using password: YES)
2022-11-03 15:04:43 269 [Warning] Access denied for user 'root'@'tuleap.nextcloud_default' (using password: YES)
2022-11-03 15:04:44 270 [Warning] Access denied for user 'root'@'tuleap.nextcloud_default' (using password: YES)
2022-11-03 15:04:45 271 [Warning] Access denied for user 'root'@'tuleap.nextcloud_default' (using password: YES)
2022-11-03 15:04:46 272 [Warning] Access denied for user 'root'@'tuleap.nextcloud_default' (using password: YES)
2022-11-03 15:04:47 273 [Warning] Access denied for user 'root'@'tuleap.nextcloud_default' (using password: YES)
2022-11-03 15:04:48 274 [Warning] Access denied for user 'root'@'tuleap.nextcloud_default' (using password: YES)
2022-11-03 15:04:49 275 [Warning] Access denied for user 'root'@'tuleap.nextcloud_default' (using password: YES)
2022-11-03 15:04:50 276 [Warning] Access denied for user 'root'@'tuleap.nextcloud_default' (using password: YES)
2022-11-03 15:04:51 277 [Warning] Access denied for user 'root'@'tuleap.nextcloud_default' (using password: YES)
2022-11-03 15:04:52 278 [Warning] Access denied for user 'root'@'tuleap.nextcloud_default' (using password: YES)
2022-11-03 15:04:53 279 [Warning] Access denied for user 'root'@'tuleap.nextcloud_default' (using password: YES)
2022-11-03 15:04:54 280 [Warning] Access denied for user 'root'@'tuleap.nextcloud_default' (using password: YES)
2022-11-03 15:04:55 281 [Warning] Access denied for user 'root'@'tuleap.nextcloud_default' (using password: YES)
2022-11-03 15:04:56 282 [Warning] Access denied for user 'root'@'tuleap.nextcloud_default' (using password: YES)
2022-11-03 15:04:57 283 [Warning] Access denied for user 'tuleapadm'@'tuleap.nextcloud_default' (using password: YES)
2022-11-03 15:04:57 284 [Warning] Access denied for user 'root'@'tuleap.nextcloud_default' (using password: YES)
2022-11-03 15:04:58 285 [Warning] Access denied for user 'root'@'tuleap.nextcloud_default' (using password: YES)
2022-11-03 15:04:59 286 [Warning] Access denied for user 'root'@'tuleap.nextcloud_default' (using password: YES)
2022-11-03 15:05:00 287 [Warning] Access denied for user 'root'@'tuleap.nextcloud_default' (using password: YES)
2022-11-03 15:05:01 289 [Warning] Access denied for user 'root'@'tuleap.nextcloud_default' (using password: YES)
2022-11-03 15:05:02 290 [Warning] Access denied for user 'root'@'tuleap.nextcloud_default' (using password: YES)
2022-11-03 15:05:03 291 [Warning] Access denied for user 'root'@'tuleap.nextcloud_default' (using password: YES)
2022-11-03 15:05:04 292 [Warning] Access denied for user 'root'@'tuleap.nextcloud_default' (using password: YES)
2022-11-03 15:05:05 293 [Warning] Access denied for user 'root'@'tuleap.nextcloud_default' (using password: YES)
2022-11-03 15:05:06 294 [Warning] Access denied for user 'root'@'tuleap.nextcloud_default' (using password: YES)
2022-11-03 15:05:07 295 [Warning] Access denied for user 'root'@'tuleap.nextcloud_default' (using password: YES)
2022-11-03 15:05:08 296 [Warning] Access denied for user 'root'@'tuleap.nextcloud_default' (using password: YES)
2022-11-03 15:05:09 297 [Warning] Access denied for user 'root'@'tuleap.nextcloud_default' (using password: YES)
2022-11-03 15:05:10 298 [Warning] Access denied for user 'root'@'tuleap.nextcloud_default' (using password: YES)
2022-11-03 15:05:11 299 [Warning] Access denied for user 'root'@'tuleap.nextcloud_default' (using password: YES)
2022-11-03 15:05:12 300 [Warning] Access denied for user 'root'@'tuleap.nextcloud_default' (using password: YES)
2022-11-03 15:05:13 301 [Warning] Access denied for user 'root'@'tuleap.nextcloud_default' (using password: YES)
2022-11-03 15:05:14 302 [Warning] Access denied for user 'root'@'tuleap.nextcloud_default' (using password: YES)
2022-11-03 15:05:15 303 [Warning] Access denied for user 'root'@'tuleap.nextcloud_default' (using password: YES)
2022-11-03 15:05:16 304 [Warning] Access denied for user 'root'@'tuleap.nextcloud_default' (using password: YES)
2022-11-03 15:05:17 305 [Warning] Access denied for user 'root'@'tuleap.nextcloud_default' (using password: YES)
2022-11-03 15:05:18 306 [Warning] Access denied for user 'root'@'tuleap.nextcloud_default' (using password: YES)
2022-11-03 15:05:19 307 [Warning] Access denied for user 'root'@'tuleap.nextcloud_default' (using password: YES)
2022-11-03 15:05:20 308 [Warning] Access denied for user 'root'@'tuleap.nextcloud_default' (using password: YES)
2022-11-03 15:05:21 309 [Warning] Access denied for user 'root'@'tuleap.nextcloud_default' (using password: YES)
2022-11-03 15:05:22 310 [Warning] Access denied for user 'root'@'tuleap.nextcloud_default' (using password: YES)
2022-11-03 15:05:23 311 [Warning] Access denied for user 'root'@'tuleap.nextcloud_default' (using password: YES)
2022-11-03 15:05:24 312 [Warning] Access denied for user 'root'@'tuleap.nextcloud_default' (using password: YES)
2022-11-03 16:04:15 402 [Warning] Aborted connection 402 to db: 'unconnected' user: 'unauthenticated' host: 'bookstack.nextcloud_default' (This connection closed normally without authentication)
2022-11-03 16:04:16 403 [Warning] Aborted connection 403 to db: 'unconnected' user: 'unauthenticated' host: 'bookstack.nextcloud_default' (This connection closed normally without authentication)
2022-11-03 16:04:22 405 [Warning] Aborted connection 405 to db: 'unconnected' user: 'unauthenticated' host: 'bookstack.nextcloud_default' (This connection closed normally without authentication)
2022-11-03 16:04:23 406 [Warning] Aborted connection 406 to db: 'unconnected' user: 'unauthenticated' host: 'bookstack.nextcloud_default' (This connection closed normally without authentication)
2022-11-03 16:08:08 417 [Warning] Aborted connection 417 to db: 'unconnected' user: 'unauthenticated' host: 'bookstack.nextcloud_default' (This connection closed normally without authentication)
2022-11-03 16:08:09 418 [Warning] Aborted connection 418 to db: 'unconnected' user: 'unauthenticated' host: 'bookstack.nextcloud_default' (This connection closed normally without authentication)
2022-11-03 16:08:15 419 [Warning] Aborted connection 419 to db: 'unconnected' user: 'unauthenticated' host: 'bookstack.nextcloud_default' (This connection closed normally without authentication)
2022-11-03 16:08:16 420 [Warning] Aborted connection 420 to db: 'unconnected' user: 'unauthenticated' host: 'bookstack.nextcloud_default' (This connection closed normally without authentication)
2022-11-03 16:16:49 443 [Warning] Aborted connection 443 to db: 'unconnected' user: 'unauthenticated' host: 'bookstack.nextcloud_default' (This connection closed normally without authentication)
2022-11-03 16:16:50 444 [Warning] Aborted connection 444 to db: 'unconnected' user: 'unauthenticated' host: 'bookstack.nextcloud_default' (This connection closed normally without authentication)
2022-11-03 16:16:56 445 [Warning] Aborted connection 445 to db: 'unconnected' user: 'unauthenticated' host: 'bookstack.nextcloud_default' (This connection closed normally without authentication)
2022-11-03 16:16:57 446 [Warning] Aborted connection 446 to db: 'unconnected' user: 'unauthenticated' host: 'bookstack.nextcloud_default' (This connection closed normally without authentication)
2022-11-03 16:45:01 524 [Warning] Aborted connection 524 to db: 'nextcloud' user: 'oc_theo@theo.com' host: 'nextcloud.nextcloud_default' (Got an error reading communication packets)
2022-11-03 16:45:05 0 [Note] /usr/bin/mariadbd (initiated by: unknown): Normal shutdown
2022-11-03 16:45:05 0 [Note] InnoDB: FTS optimize thread exiting.
2022-11-03 16:45:05 0 [Note] InnoDB: Starting shutdown...
2022-11-03 16:45:05 0 [Note] InnoDB: Dumping buffer pool(s) to /config/databases/ib_buffer_pool
2022-11-03 16:45:05 0 [Note] InnoDB: Buffer pool(s) dump completed at 221103 16:45:05
2022-11-03 16:45:06 0 [Note] InnoDB: Removed temporary tablespace data file: "./ibtmp1"
2022-11-03 16:45:06 0 [Note] InnoDB: Shutdown completed; log sequence number 4607412; transaction id 15836
2022-11-03 16:45:06 0 [Note] /usr/bin/mariadbd: Shutdown complete

221103 16:45:06 mysqld_safe mysqld from pid file /var/run/mysqld/mysqld.pid ended
