221103 12:19:53 mysqld_safe Starting mariadbd daemon with databases from /config/databases
2022-11-03 12:19:53 0 [Note] /usr/bin/mariadbd (server 10.6.10-MariaDB-log) starting as process 332 ...
2022-11-03 12:19:53 0 [Warning] Setting lower_case_table_names=2 because file system for /config/databases/ is case insensitive
2022-11-03 12:19:54 0 [Note] InnoDB: Compressed tables use zlib 1.2.12
2022-11-03 12:19:54 0 [Note] InnoDB: Number of pools: 1
2022-11-03 12:19:54 0 [Note] InnoDB: Using crc32 + pclmulqdq instructions
2022-11-03 12:19:54 0 [Note] mariadbd: O_TMPFILE is not supported on /var/tmp (disabling future attempts)
2022-11-03 12:19:54 0 [Note] InnoDB: Using Linux native AIO
2022-11-03 12:19:54 0 [Note] InnoDB: Initializing buffer pool, total size = 268435456, chunk size = 134217728
2022-11-03 12:19:54 0 [Note] InnoDB: Completed initialization of buffer pool
2022-11-03 12:19:54 0 [Note] InnoDB: 128 rollback segments are active.
2022-11-03 12:19:54 0 [Note] InnoDB: Creating shared tablespace for temporary tables
2022-11-03 12:19:54 0 [Note] InnoDB: Setting file './ibtmp1' size to 12 MB. Physically writing the file full; Please wait ...
2022-11-03 12:19:54 0 [Note] InnoDB: File './ibtmp1' size is now 12 MB.
2022-11-03 12:19:54 0 [Note] InnoDB: 10.6.10 started; log sequence number 42351; transaction id 14
2022-11-03 12:19:54 0 [Note] Plugin 'FEEDBACK' is disabled.
2022-11-03 12:19:54 0 [Note] InnoDB: Loading buffer pool(s) from /config/databases/ib_buffer_pool
2022-11-03 12:19:54 0 [Note] InnoDB: Buffer pool(s) load completed at 221103 12:19:54
2022-11-03 12:19:54 0 [Note] Server socket created on IP: '0.0.0.0'.
2022-11-03 12:19:54 0 [Note] Server socket created on IP: '::'.
2022-11-03 12:19:54 0 [Note] /usr/bin/mariadbd: ready for connections.
Version: '10.6.10-MariaDB-log'  socket: '/run/mysqld/mysqld.sock'  port: 3306  MariaDB Server
2022-11-03 12:19:54 4 [Warning] Aborted connection 4 to db: 'unconnected' user: 'unauthenticated' host: 'localhost' (This connection closed normally without authentication)
2022-11-03 12:20:02 5 [Warning] Access denied for user 'root'@'nextcloud.nextcloud_default' (using password: YES)
2022-11-03 12:20:29 6 [Warning] Access denied for user 'nextcloud'@'localhost' (using password: YES)
2022-11-03 12:22:20 8 [Warning] Access denied for user 'nextcloud'@'nextcloud.nextcloud_default' (using password: YES)
2022-11-03 14:33:46 0 [Note] /usr/bin/mariadbd (initiated by: unknown): Normal shutdown
2022-11-03 14:33:46 0 [Note] InnoDB: FTS optimize thread exiting.
2022-11-03 14:33:46 0 [Note] InnoDB: Starting shutdown...
2022-11-03 14:33:46 0 [Note] InnoDB: Dumping buffer pool(s) to /config/databases/ib_buffer_pool
2022-11-03 14:33:46 0 [Note] InnoDB: Buffer pool(s) dump completed at 221103 14:33:46
2022-11-03 14:33:48 0 [Note] InnoDB: Removed temporary tablespace data file: "./ibtmp1"
2022-11-03 14:33:48 0 [Note] InnoDB: Shutdown completed; log sequence number 3251804; transaction id 9408
2022-11-03 14:33:48 0 [Note] /usr/bin/mariadbd: Shutdown complete

221103 14:33:48 mysqld_safe mysqld from pid file /var/run/mysqld/mysqld.pid ended
