221103 16:45:31 mysqld_safe Starting mariadbd daemon with databases from /config/databases
2022-11-03 16:45:31 0 [Note] /usr/bin/mariadbd (server 10.6.10-MariaDB-log) starting as process 331 ...
2022-11-03 16:45:31 0 [Warning] Setting lower_case_table_names=2 because file system for /config/databases/ is case insensitive
2022-11-03 16:45:32 0 [Note] InnoDB: Compressed tables use zlib 1.2.12
2022-11-03 16:45:32 0 [Note] InnoDB: Number of pools: 1
2022-11-03 16:45:32 0 [Note] InnoDB: Using crc32 + pclmulqdq instructions
2022-11-03 16:45:32 0 [Note] mariadbd: O_TMPFILE is not supported on /var/tmp (disabling future attempts)
2022-11-03 16:45:32 0 [Note] InnoDB: Using Linux native AIO
2022-11-03 16:45:32 0 [Note] InnoDB: Initializing buffer pool, total size = 268435456, chunk size = 134217728
2022-11-03 16:45:32 0 [Note] InnoDB: Completed initialization of buffer pool
2022-11-03 16:45:32 0 [Note] InnoDB: 128 rollback segments are active.
2022-11-03 16:45:33 0 [Note] InnoDB: Creating shared tablespace for temporary tables
2022-11-03 16:45:33 0 [Note] InnoDB: Setting file './ibtmp1' size to 12 MB. Physically writing the file full; Please wait ...
2022-11-03 16:45:33 0 [Note] InnoDB: File './ibtmp1' size is now 12 MB.
2022-11-03 16:45:33 0 [Note] InnoDB: 10.6.10 started; log sequence number 4607412; transaction id 15837
2022-11-03 16:45:33 0 [Note] InnoDB: Loading buffer pool(s) from /config/databases/ib_buffer_pool
2022-11-03 16:45:33 0 [Note] Plugin 'FEEDBACK' is disabled.
2022-11-03 16:45:33 0 [Note] Server socket created on IP: '0.0.0.0'.
2022-11-03 16:45:33 0 [Note] Server socket created on IP: '::'.
2022-11-03 16:45:33 0 [Note] /usr/bin/mariadbd: ready for connections.
Version: '10.6.10-MariaDB-log'  socket: '/run/mysqld/mysqld.sock'  port: 3306  MariaDB Server
2022-11-03 16:45:34 4 [Warning] Aborted connection 4 to db: 'unconnected' user: 'unauthenticated' host: 'localhost' (This connection closed normally without authentication)
2022-11-03 16:45:35 0 [Note] InnoDB: Buffer pool(s) load completed at 221103 16:45:35
2022-11-03 16:45:36 5 [Warning] Aborted connection 5 to db: 'unconnected' user: 'unauthenticated' host: 'bookstack.nextcloud_default' (This connection closed normally without authentication)
2022-11-03 16:45:37 6 [Warning] Aborted connection 6 to db: 'unconnected' user: 'unauthenticated' host: 'bookstack.nextcloud_default' (This connection closed normally without authentication)
2022-11-03 16:45:43 7 [Warning] Aborted connection 7 to db: 'unconnected' user: 'unauthenticated' host: 'bookstack.nextcloud_default' (This connection closed normally without authentication)
2022-11-03 16:45:44 8 [Warning] Aborted connection 8 to db: 'unconnected' user: 'unauthenticated' host: 'bookstack.nextcloud_default' (This connection closed normally without authentication)
