2022-11-03.14:06:00	204		system,git init --bare >&2
2022-11-03.14:06:00	204		system,gitolite compile-template-data
2022-11-03.14:06:00	204		system,/usr/share/gitolite3/commands/compile-template-data
2022-11-03.14:06:00	204		system,/usr/share/gitolite3/triggers/post-compile/ssh-authkeys,POST_COMPILE
2022-11-03.14:06:00	204	warn	/var/lib/gitolite/.ssh missing; creating a new one<<newline>>    (this is normal on a brand new install)
2022-11-03.14:06:00	204	warn	/var/lib/gitolite/.ssh/authorized_keys missing; creating a new one<<newline>>    (this is normal on a brand new install)
2022-11-03.14:06:00	204		system,/usr/share/gitolite3/triggers/post-compile/update-git-configs,POST_COMPILE
2022-11-03.14:06:00	204		system,/usr/share/gitolite3/triggers/post-compile/update-gitweb-access-list,POST_COMPILE
2022-11-03.14:06:00	204		system,/usr/share/gitolite3/commands/access,%,gitweb,R,any
2022-11-03.14:06:00	204		system,/usr/share/gitolite3/commands/git-config,-r,%,gitweb\.
2022-11-03.14:06:00	204		system,/usr/share/gitolite3/triggers/post-compile/update-git-daemon-access-list,POST_COMPILE
2022-11-03.14:06:00	204		system,/usr/share/gitolite3/commands/access,%,daemon,R,any
2022-11-03.14:06:01	204	END
2022-11-03.14:06:01	482	ssh	ARGV=id_rsa_gl-adm	SOC=git-upload-pack 'gitolite-admin'	FROM=127.0.0.1
2022-11-03.14:06:02	482	pre_git	gitolite-admin	id_rsa_gl-adm	R	any	refs/.*
2022-11-03.14:06:02	482		system,git,shell,-c,git-upload-pack '/var/lib/gitolite/repositories/gitolite-admin.git'
2022-11-03.14:06:02	482	END
2022-11-04.03:54:47	2691	ssh	ARGV=id_rsa_gl-adm	SOC=git-receive-pack 'gitolite-admin'	FROM=127.0.0.1
2022-11-04.03:54:49	2691	pre_git	gitolite-admin	id_rsa_gl-adm	W	any	refs/.*
2022-11-04.03:54:49	2691		system,git,shell,-c,git-receive-pack '/var/lib/gitolite/repositories/gitolite-admin.git'
2022-11-04.03:54:49	2691	END
2022-11-09.01:15:55	81582	ssh	ARGV=id_rsa_gl-adm	SOC=git-receive-pack 'gitolite-admin'	FROM=127.0.0.1
2022-11-09.01:15:55	81582	pre_git	gitolite-admin	id_rsa_gl-adm	W	any	refs/.*
2022-11-09.01:15:55	81582		system,git,shell,-c,git-receive-pack '/var/lib/gitolite/repositories/gitolite-admin.git'
2022-11-09.01:15:55	81582	END
2022-11-10.03:44:14	46739	ssh	ARGV=id_rsa_gl-adm	SOC=git-receive-pack 'gitolite-admin'	FROM=127.0.0.1
2022-11-10.05:44:12	46739	pre_git	gitolite-admin	id_rsa_gl-adm	W	any	refs/.*
2022-11-10.05:44:12	46739		system,git,shell,-c,git-receive-pack '/var/lib/gitolite/repositories/gitolite-admin.git'
2022-11-10.05:44:13	46739	END
