{"level":"info","ts":1667469417.6911402,"caller":"app/server.go:247","msg":"Server is initializing...","go_version":"go1.15.5"}
{"level":"info","ts":1667469417.7050607,"caller":"app/web_hub.go:93","msg":"Starting websocket hubs","number_of_hubs":16}
{"level":"info","ts":1667469417.712663,"caller":"i18n/i18n.go:93","msg":"Loaded system translations","for locale":"en","from locale":"/mattermost/i18n/en.json"}
{"level":"info","ts":1667469417.7430825,"caller":"sqlstore/store.go:289","msg":"Pinging SQL","database":"master"}
{"level":"info","ts":1667469417.7788432,"caller":"sqlstore/store.go:289","msg":"Pinging SQL","database":"migrations"}
{"level":"info","ts":1667469418.570108,"caller":"sqlstore/upgrade.go:130","msg":"The database schema version has been set","version":"5.36.0"}
{"level":"info","ts":1667469419.3738806,"caller":"app/license.go:68","msg":"License key from https://mattermost.com required to unlock enterprise features."}
{"level":"error","ts":1667469419.4223597,"caller":"app/server.go:513","msg":"Mail server connection test is failed","error":"SendEmailNotifications is not true","errorVerbose":"SendEmailNotifications is not true\ngithub.com/mattermost/mattermost-server/v5/shared/mail.TestConnection\n\tgithub.com/mattermost/mattermost-server/v5/shared/mail/mail.go:212\ngithub.com/mattermost/mattermost-server/v5/app.NewServer\n\tgithub.com/mattermost/mattermost-server/v5/app/server.go:512\ngithub.com/mattermost/mattermost-server/v5/cmd/mattermost/commands.runServer\n\tgithub.com/mattermost/mattermost-server/v5/cmd/mattermost/commands/server.go:77\ngithub.com/mattermost/mattermost-server/v5/cmd/mattermost/commands.serverCmdF\n\tgithub.com/mattermost/mattermost-server/v5/cmd/mattermost/commands/server.go:61\ngithub.com/spf13/cobra.(*Command).execute\n\tgithub.com/spf13/cobra@v1.1.3/command.go:852\ngithub.com/spf13/cobra.(*Command).ExecuteC\n\tgithub.com/spf13/cobra@v1.1.3/command.go:960\ngithub.com/spf13/cobra.(*Command).Execute\n\tgithub.com/spf13/cobra@v1.1.3/command.go:897\ngithub.com/mattermost/mattermost-server/v5/cmd/mattermost/commands.Run\n\tgithub.com/mattermost/mattermost-server/v5/cmd/mattermost/commands/root.go:14\nmain.main\n\tgithub.com/mattermost/mattermost-server/v5/cmd/mattermost/main.go:31\nruntime.main\n\truntime/proc.go:204\nruntime.goexit\n\truntime/asm_amd64.s:1374"}
{"level":"error","ts":1667469419.4237928,"caller":"app/server.go:517","msg":"SiteURL must be set. Some features will operate incorrectly if the SiteURL is not set. See documentation for details: http://about.mattermost.com/default-site-url"}
{"level":"info","ts":1667469419.4298313,"caller":"app/server.go:556","msg":"Current version is 5.36.0 (5.36.0/Thu Jun 10 13:17:37 UTC 2021/ab85b70be324433456ebdfc0fd6d132da71cff7e/39c12f696638c1425b9d04e73432c07648baa728)","current_version":"5.36.0","build_number":"5.36.0","build_date":"Thu Jun 10 13:17:37 UTC 2021","build_hash":"ab85b70be324433456ebdfc0fd6d132da71cff7e","build_hash_enterprise":"39c12f696638c1425b9d04e73432c07648baa728"}
{"level":"info","ts":1667469419.4312708,"caller":"app/server.go:565","msg":"Enterprise Build","enterprise_build":true}
{"level":"info","ts":1667469419.4320345,"caller":"app/server.go:571","msg":"Printing current working","directory":"/mattermost"}
{"level":"info","ts":1667469419.433132,"caller":"app/server.go:572","msg":"Loaded config","source":"file:///mattermost/config/config.json"}
{"level":"info","ts":1667469419.4673178,"caller":"sqlstore/post_store.go:2010","msg":"Post.Message has size restrictions","max_characters":16383,"max_bytes":65535}
{"level":"info","ts":1667469419.4880822,"caller":"jobs/workers.go:135","msg":"Starting workers"}
{"level":"info","ts":1667469419.4894445,"caller":"jobs/schedulers.go:116","msg":"Starting schedulers."}
{"level":"info","ts":1667469419.5279121,"caller":"app/license.go:68","msg":"License key from https://mattermost.com required to unlock enterprise features."}
{"level":"info","ts":1667469419.5331185,"caller":"app/migrations.go:32","msg":"Migrating roles to database."}
{"level":"error","ts":1667469419.536522,"caller":"app/server.go:1650","msg":"Failed to send notifications to admin users.","error":"NotifyAdminsOfWarnMetricStatus: List of admins is empty., "}
{"level":"info","ts":1667469419.7054129,"caller":"app/migrations.go:112","msg":"Migrating emojis config to database."}
{"level":"info","ts":1667469421.2897673,"caller":"mlog/log.go:237","msg":"Starting up plugins"}
{"level":"info","ts":1667469421.2907782,"caller":"app/plugin.go:258","msg":"Syncing plugins from the file store"}
{"level":"info","ts":1667469424.9626148,"caller":"mlog/sugar.go:21","msg":"Ensuring Surveybot exists","plugin_id":"com.mattermost.nps"}
{"level":"info","ts":1667469425.309916,"caller":"mlog/sugar.go:21","msg":"Surveybot created","plugin_id":"com.mattermost.nps"}
{"level":"info","ts":1667469425.3326573,"caller":"mlog/sugar.go:21","msg":"Upgrade detected. Checking if a survey should be scheduled.","plugin_id":"com.mattermost.nps"}
{"level":"info","ts":1667469425.3455658,"caller":"mlog/sugar.go:21","msg":"Scheduling next survey for Nov 24, 2022","plugin_id":"com.mattermost.nps"}
{"level":"info","ts":1667469426.7617798,"caller":"app/server.go:1150","msg":"Starting Server..."}
{"level":"info","ts":1667469426.7637427,"caller":"app/server.go:1184","msg":"RateLimiter is enabled"}
{"level":"info","ts":1667469426.765337,"caller":"app/server.go:1226","msg":"Server is listening on [::]:8000","address":"[::]:8000"}
{"level":"warn","ts":1667469455.8792098,"caller":"plugin/health_check.go:59","msg":"Health check failed for plugin","id":"com.mattermost.nps","error":"plugin RPC connection is not responding"}
{"level":"error","ts":1667469455.8808632,"caller":"mlog/log.go:251","msg":"RPC call OnDeactivate to plugin failed.","plugin_id":"com.mattermost.nps","error":"connection is shut down"}
{"level":"warn","ts":1667469455.8818142,"caller":"plugin/hclog_adapter.go:70","msg":"error closing client during Kill","plugin_id":"com.mattermost.nps","wrapped_extras":"errconnection is shut down"}
{"level":"warn","ts":1667469455.882698,"caller":"plugin/hclog_adapter.go:72","msg":"plugin failed to exit gracefully","plugin_id":"com.mattermost.nps"}
{"level":"info","ts":1667469455.9938893,"caller":"mlog/sugar.go:21","msg":"Ensuring Surveybot exists","plugin_id":"com.mattermost.nps"}
{"level":"info","ts":1667469498.4057124,"caller":"migrations/worker.go:109","msg":"Worker: Job is complete","worker":"Migrations","job_id":"ynxyfpip1jrc88xgnzqodyxgmo"}
{"level":"info","ts":1667469934.9070084,"caller":"app/server.go:952","msg":"Stopping Server..."}
{"level":"info","ts":1667469934.9087486,"caller":"app/web_hub.go:113","msg":"stopping websocket hub connections"}
{"level":"info","ts":1667469934.910257,"caller":"app/plugin.go:335","msg":"Shutting down plugins"}
{"level":"info","ts":1667469934.912892,"caller":"go-plugin@v1.4.0/stream.go:15","msg":"2022/11/03 11:05:34 [ERR] plugin: plugin server: accept unix /tmp/plugin200300916: use of closed network connection","plugin_id":"com.mattermost.plugin-incident-management","source":"plugin_stderr"}
{"level":"info","ts":1667469935.429601,"caller":"jobs/workers.go:339","msg":"Stopped workers"}
{"level":"info","ts":1667469935.430875,"caller":"jobs/schedulers.go:187","msg":"Stopping schedulers."}
{"level":"info","ts":1667469935.4317508,"caller":"jobs/schedulers.go:119","msg":"Schedulers stopped."}
{"level":"info","ts":1667469935.4340549,"caller":"app/server.go:1045","msg":"Server stopped"}
